#
# A fatal error has been detected by the Java Runtime Environment:
#
#  EXCEPTION_ACCESS_VIOLATION (0xc0000005) at pc=0x00007fff3e04ce46, pid=23932, tid=16348
#
# JRE version: Java(TM) SE Runtime Environment (9.0+11) (build 9.0.4+11)
# Java VM: Java HotSpot(TM) 64-Bit Server VM (9.0.4+11, mixed mode, tiered, compressed oops, g1 gc, windows-amd64)
# Problematic frame:
# C  [librdi_coregen.dll+0x1bce46]
#
# No core dump will be written. Minidumps are not enabled by default on client versions of Windows
#
# If you would like to submit a bug report, please visit:
#   http://bugreport.java.com/bugreport/crash.jsp
# The crash happened outside the Java Virtual Machine in native code.
# See problematic frame for where to report the bug.
#

---------------  S U M M A R Y ------------

Command Line: -Dsun.java2d.pmoffscreen=false -Dsun.java2d.xrender=false -Dsun.java2d.d3d=false -Dsun.awt.nopixfmt=true -Dsun.java2d.dpiaware=true -Dsun.java2d.uiScale.enabled=false -Xverify:none -Dswing.aatext=true -XX:-UsePerfData -Djdk.map.althashing.threshold=512 -XX:StringTableSize=4072 --add-opens=java.base/java.nio=ALL-UNNAMED --add-opens=java.desktop/sun.swing=ALL-UNNAMED --add-opens=java.desktop/javax.swing=ALL-UNNAMED --add-opens=java.desktop/javax.swing.tree=ALL-UNNAMED --add-opens=java.desktop/javax.swing.plaf.basic=ALL-UNNAMED --add-opens=java.desktop/javax.swing.plaf.synth=ALL-UNNAMED --add-opens=java.desktop/com.sun.awt=ALL-UNNAMED -XX:NewSize=60m -XX:MaxNewSize=60m -Xms128m -Xmx3072m -Xss5m 

Host: Intel(R) Core(TM) i7-10510U CPU @ 1.80GHz, 8 cores, 7G,  Windows 10 , 64 bit Build 19041 (10.0.19041.1348)
Time: Tue Dec 07 17:57:15 2021 ?D1¨²¡À¨º¡Á?¨º¡À?? elapsed time: 12707 seconds (0d 3h 31m 47s)

---------------  T H R E A D  ---------------

Current thread (0x00000225e7f64000):  JavaThread "AWT-EventQueue-1" [_thread_in_native, id=16348, stack(0x0000004733600000,0x0000004733b00000)]

Stack: [0x0000004733600000,0x0000004733b00000],  sp=0x0000004733afcb30,  free space=5106k
Native frames: (J=compiled Java code, j=interpreted, Vv=VM code, C=native code)
C  [librdi_coregen.dll+0x1bce46]
C  [librdi_coregen.dll+0x2cc74d]
C  [librdi_coregen.dll+0x2f5fce]
C  [librdi_coregen.dll+0x3923f6]
C  0x00000225d07d921c

Java frames: (J=compiled Java code, j=interpreted, Vv=VM code)
j  ui.data.coregen.ipmgri.IPMgr_deleteIP(JJZZ)V+0
j  ui.data.coregen.bl.d(Lui/data/coregen/bh;)V+10
j  ui.views.S.a.b.J(ILjava/lang/String;)V+15
j  ui.views.S.a.q.J(ILjava/lang/String;)V+3
j  ui.views.S.a.d.b(I)V+14
j  ui.b.c.by.x()V+193
j  ui.b.c.bH.finished()V+4
J 22767 c2 ui.frmwork.x.run()V (15 bytes) @ 0x00000225d95996bc [0x00000225d9598360+0x000000000000135c]
J 14052 c2 java.awt.EventQueue$3.run()Ljava/lang/Object; java.desktop@9.0.4 (5 bytes) @ 0x00000225d8da1504 [0x00000225d8da1400+0x0000000000000104]
v  ~StubRoutines::call_stub
J 4299  java.security.AccessController.doPrivileged(Ljava/security/PrivilegedAction;Ljava/security/AccessControlContext;)Ljava/lang/Object; java.base@9.0.4 (0 bytes) @ 0x00000225d84f97c6 [0x00000225d84f9760+0x0000000000000066]
J 26667 c2 ui.frmwork.b.d.dispatchEvent(Ljava/awt/AWTEvent;)V (34 bytes) @ 0x00000225d98343b4 [0x00000225d9833d20+0x0000000000000694]
J 24286 c2 java.awt.EventDispatchThread.pumpOneEventForFilters(I)V java.desktop@9.0.4 (218 bytes) @ 0x00000225d99a659c [0x00000225d99a6280+0x000000000000031c]
J 17332% c2 java.awt.EventDispatchThread.pumpEventsForFilter(ILjava/awt/Conditional;Ljava/awt/EventFilter;)V java.desktop@9.0.4 (47 bytes) @ 0x00000225d91ec140 [0x00000225d91ec040+0x0000000000000100]
j  java.awt.EventDispatchThread.pumpEventsForHierarchy(ILjava/awt/Conditional;Ljava/awt/Component;)V+11 java.desktop@9.0.4
j  java.awt.EventDispatchThread.pumpEvents(ILjava/awt/Conditional;)V+4 java.desktop@9.0.4
j  java.awt.EventDispatchThread.pumpEvents(Ljava/awt/Conditional;)V+3 java.desktop@9.0.4
j  java.awt.EventDispatchThread.run()V+9 java.desktop@9.0.4
v  ~StubRoutines::call_stub

siginfo: EXCEPTION_ACCESS_VIOLATION (0xc0000005), reading address 0x0000000000000038


Register to memory mapping:

RIP=0x00007fff3e04ce46 librdi_coregen.dll
RAX=0x0000000000000001 is an unknown value
RBX=0x00000225ee43cfa0 is an unknown value
RCX=0x0000000000000000 is an unknown value
RDX=0x0000004733afcca0 is pointing into the stack for thread: 0x00000225e7f64000
RSP=0x0000004733afcb30 is pointing into the stack for thread: 0x00000225e7f64000
RBP=0x0000004733afccc0 is pointing into the stack for thread: 0x00000225e7f64000
RSI=0x0000000000000002 is an unknown value
RDI=0x0000004733afcca0 is pointing into the stack for thread: 0x00000225e7f64000
R8 =0xfffffffffffffffe is an unknown value
R9 =0x0000004733afcae8 is pointing into the stack for thread: 0x00000225e7f64000
R10=0x7fffffffffffffff is an unknown value
R11=0x0000004733afcb60 is pointing into the stack for thread: 0x00000225e7f64000
R12=0x0000000000000000 is an unknown value
R13=0x0000004733afcd50 is pointing into the stack for thread: 0x00000225e7f64000
R14=0x00000225bf3b0890 is an unknown value
R15=0x0000000000000000 is an unknown value


Registers:
RAX=0x0000000000000001, RBX=0x00000225ee43cfa0, RCX=0x0000000000000000, RDX=0x0000004733afcca0
RSP=0x0000004733afcb30, RBP=0x0000004733afccc0, RSI=0x0000000000000002, RDI=0x0000004733afcca0
R8 =0xfffffffffffffffe, R9 =0x0000004733afcae8, R10=0x7fffffffffffffff, R11=0x0000004733afcb60
R12=0x0000000000000000, R13=0x0000004733afcd50, R14=0x00000225bf3b0890, R15=0x0000000000000000
RIP=0x00007fff3e04ce46, EFLAGS=0x0000000000010206

Top of Stack: (sp=0x0000004733afcb30)
0x0000004733afcb30:   00000225f8da7620 00007fffd8d547b1
0x0000004733afcb40:   0000000000000000 00000225bb070000
0x0000004733afcb50:   000044e01be77ad3 0000000000000000
0x0000004733afcb60:   00000225ee43cfa0 00007fff3e15c74d
0x0000004733afcb70:   0000004733afcd98 00000225ee43cfa0
0x0000004733afcb80:   0000004733afcca0 00000225f0a2f2b0
0x0000004733afcb90:   0000004700000000 fffffffffffffffe
0x0000004733afcba0:   00000225ee43d078 00007fff45e95b01
0x0000004733afcbb0:   00000225ee43cfa0 00007fff3e185fce
0x0000004733afcbc0:   00000225f016a5d0 00000225bb070fe0
0x0000004733afcbd0:   0000000000000001 00000225efa3ec00
0x0000004733afcbe0:   0000000000040001 0000000000000000
0x0000004733afcbf0:   00000225f0fefc90 00007fff000001c6
0x0000004733afcc00:   00000225f8da7600 00000225e7e62910
0x0000004733afcc10:   0000000000000000 000000000000000f
0x0000004733afcc20:   00000225bb000000 0000000000000020 

Instructions: (pc=0x00007fff3e04ce46)
0x00007fff3e04ce26:   cc cc cc cc cc cc cc cc cc cc 48 8d 41 10 c3 cc
0x00007fff3e04ce36:   cc cc cc cc cc cc cc cc cc cc 40 53 48 83 ec 30
0x00007fff3e04ce46:   48 8b 49 38 48 8b da c7 44 24 20 00 00 00 00 e8
0x00007fff3e04ce56:   16 c0 04 00 48 c7 43 18 0f 00 00 00 49 83 c9 ff 



---------------  P R O C E S S  ---------------

Java Threads: ( => current thread )
  0x00000225edff9000 JavaThread "Monitor File Timestamp Swing Worker" [_thread_blocked, id=9204, stack(0x0000004737f00000,0x0000004738400000)]
  0x00000225edffe800 JavaThread "Timer-11" [_thread_blocked, id=12152, stack(0x0000004737000000,0x0000004737500000)]
  0x00000225ee57e000 JavaThread "Image Animator 0" daemon [_thread_blocked, id=12224, stack(0x0000004736b00000,0x0000004737000000)]
  0x00000225ee573800 JavaThread "Swing-Shell" daemon [_thread_blocked, id=25924, stack(0x0000004735700000,0x0000004735c00000)]
  0x00000225ee57f800 JavaThread "Monitor File Timestamp Swing Worker" [_thread_blocked, id=3636, stack(0x000000473a200000,0x000000473a700000)]
  0x00000225ee57a800 JavaThread "Timer-3" [_thread_blocked, id=15100, stack(0x0000004739d00000,0x000000473a200000)]
  0x00000225ee57c800 JavaThread "Image Animator 0" daemon [_thread_blocked, id=26228, stack(0x0000004738e00000,0x0000004739300000)]
  0x00000225ee579800 JavaThread "SyntheticaAnimation 50" daemon [_thread_blocked, id=20536, stack(0x0000004737a00000,0x0000004737f00000)]
  0x00000225ee571000 JavaThread "Update Runs Swing Worker" [_thread_blocked, id=24728, stack(0x0000004737500000,0x0000004737a00000)]
  0x00000225ee576800 JavaThread "hw_ila_monitor" [_thread_blocked, id=20048, stack(0x0000004736600000,0x0000004736b00000)]
  0x00000225c9168800 JavaThread "Refresh Filesets Swing Worker" [_thread_blocked, id=22616, stack(0x0000004736100000,0x0000004736600000)]
  0x00000225c916f000 JavaThread "SyntheticaAnimation 70" daemon [_thread_blocked, id=18908, stack(0x0000004735c00000,0x0000004736100000)]
  0x00000225c916d800 JavaThread "SyntheticaAnimation 25" daemon [_thread_blocked, id=9944, stack(0x0000004735200000,0x0000004735700000)]
  0x00000225c916d000 JavaThread "SyntheticaAnimation 50" daemon [_thread_blocked, id=2232, stack(0x0000004734d00000,0x0000004735200000)]
  0x00000225c916a800 JavaThread "SyntheticaCleanerThread" daemon [_thread_blocked, id=19728, stack(0x0000004734000000,0x0000004734500000)]
  0x00000225c9169000 JavaThread "Batik CleanerThread" daemon [_thread_blocked, id=21240, stack(0x0000004732c00000,0x0000004733100000)]
=>0x00000225e7f64000 JavaThread "AWT-EventQueue-1" [_thread_in_native, id=16348, stack(0x0000004733600000,0x0000004733b00000)]
  0x00000225bfbac800 JavaThread "Process Messages" [_thread_blocked, id=17456, stack(0x0000004733100000,0x0000004733600000)]
  0x00000225e7af5800 JavaThread "Thread-1" [_thread_in_native, id=1872, stack(0x000000472bf00000,0x000000472d300000)]
  0x00000225e6f4c800 JavaThread "TimerQueue" daemon [_thread_blocked, id=26592, stack(0x0000004732200000,0x0000004732700000)]
  0x00000225e6509000 JavaThread "AWT-Windows" daemon [_thread_in_native, id=18980, stack(0x0000004731d00000,0x0000004732200000)]
  0x00000225e6144000 JavaThread "AWT-Shutdown" [_thread_blocked, id=4668, stack(0x0000004731800000,0x0000004731d00000)]
  0x00000225e64d0800 JavaThread "Java2D Disposer" daemon [_thread_blocked, id=24280, stack(0x0000004731300000,0x0000004731800000)]
  0x00000225c2cb4800 JavaThread "Service Thread" daemon [_thread_blocked, id=23468, stack(0x0000004730d00000,0x0000004731200000)]
  0x00000225c9189000 JavaThread "Common-Cleaner" daemon [_thread_blocked, id=19248, stack(0x0000004730800000,0x0000004730d00000)]
  0x00000225c916b800 JavaThread "Sweeper thread" daemon [_thread_blocked, id=26440, stack(0x0000004730300000,0x0000004730800000)]
  0x00000225c9167800 JavaThread "C1 CompilerThread3" daemon [_thread_blocked, id=8812, stack(0x0000004730200000,0x0000004730300000)]
  0x00000225c9166000 JavaThread "C2 CompilerThread2" daemon [_thread_blocked, id=4456, stack(0x0000004730100000,0x0000004730200000)]
  0x00000225c952a000 JavaThread "C2 CompilerThread1" daemon [_thread_blocked, id=2116, stack(0x0000004730000000,0x0000004730100000)]
  0x00000225c9529800 JavaThread "C2 CompilerThread0" daemon [_thread_blocked, id=3472, stack(0x000000472ff00000,0x0000004730000000)]
  0x00000225c9528800 JavaThread "Attach Listener" daemon [_thread_blocked, id=23900, stack(0x000000472fa00000,0x000000472ff00000)]
  0x00000225bdad9800 JavaThread "Signal Dispatcher" daemon [_thread_blocked, id=23192, stack(0x000000472f500000,0x000000472fa00000)]
  0x00000225c9517000 JavaThread "Finalizer" daemon [_thread_blocked, id=25076, stack(0x000000472f000000,0x000000472f500000)]
  0x00000225bf7d7000 JavaThread "Reference Handler" daemon [_thread_blocked, id=11968, stack(0x000000472eb00000,0x000000472f000000)]
  0x00000225c9409000 JavaThread "main" [_thread_blocked, id=5996, stack(0x000000472be00000,0x000000472bf00000)]

Other Threads:
  0x00000225c9761800 VMThread "VM Thread" [stack: 0x000000472ea00000,0x000000472eb00000] [id=24988]
  0x00000225bf975800 WatcherThread [stack: 0x0000004731200000,0x0000004731300000] [id=24712]
  0x00000225c2a25800 GCTaskThread "GC Thread#0" [stack: 0x000000472d600000,0x000000472d700000] [id=24032]
  0x00000225c2a27800 GCTaskThread "GC Thread#1" [stack: 0x000000472d700000,0x000000472d800000] [id=25436]
  0x00000225c2a27000 GCTaskThread "GC Thread#2" [stack: 0x000000472d800000,0x000000472d900000] [id=26456]
  0x00000225c2a24800 GCTaskThread "GC Thread#3" [stack: 0x000000472d900000,0x000000472da00000] [id=19668]
  0x00000225c2a25000 GCTaskThread "GC Thread#4" [stack: 0x000000472da00000,0x000000472db00000] [id=12276]
  0x00000225c2a26000 GCTaskThread "GC Thread#5" [stack: 0x000000472db00000,0x000000472dc00000] [id=25012]
  0x00000225c9324000 GCTaskThread "GC Thread#6" [stack: 0x000000472dc00000,0x000000472dd00000] [id=24188]
  0x00000225c9320000 GCTaskThread "GC Thread#7" [stack: 0x000000472dd00000,0x000000472de00000] [id=18500]
  0x00000225bf6f6800 ConcurrentGCThread "G1 Main Marker" [stack: 0x000000472e700000,0x000000472e800000] [id=17140]
  0x00000225c9320800 ConcurrentGCThread "G1 Marker#0" [stack: 0x000000472e800000,0x000000472e900000] [id=22780]
  0x00000225c931e000 ConcurrentGCThread "G1 Marker#1" [stack: 0x000000472e900000,0x000000472ea00000] [id=11684]
  0x00000225c25a9000 ConcurrentGCThread "G1 Refine#0" [stack: 0x000000472e500000,0x000000472e600000] [id=18000]
  0x00000225c944d800 ConcurrentGCThread "G1 Refine#1" [stack: 0x000000472e400000,0x000000472e500000] [id=22472]
  0x00000225c944d000 ConcurrentGCThread "G1 Refine#2" [stack: 0x000000472e300000,0x000000472e400000] [id=23668]
  0x00000225c26df000 ConcurrentGCThread "G1 Refine#3" [stack: 0x000000472e200000,0x000000472e300000] [id=1304]
  0x00000225c42f1000 ConcurrentGCThread "G1 Refine#4" [stack: 0x000000472e100000,0x000000472e200000] [id=20864]
  0x00000225c93df800 ConcurrentGCThread "G1 Refine#5" [stack: 0x000000472e000000,0x000000472e100000] [id=1220]
  0x00000225c93de800 ConcurrentGCThread "G1 Refine#6" [stack: 0x000000472df00000,0x000000472e000000] [id=8732]
  0x00000225c2a43000 ConcurrentGCThread "G1 Refine#7" [stack: 0x000000472de00000,0x000000472df00000] [id=13304]
  0x00000225bf68e000 ConcurrentGCThread "G1 Young RemSet Sampling" [stack: 0x000000472e600000,0x000000472e700000] [id=7120]

Threads with active compile tasks:

VM state:not at safepoint (normal execution)

VM Mutex/Monitor currently owned by a thread: None

Heap address: 0x0000000700000000, size: 3072 MB, Compressed Oops mode: Zero based, Oop shift amount: 3
Narrow klass base: 0x0000000000000000, Narrow klass shift: 3
Compressed class space size: 1073741824 Address: 0x00000007c0000000

Heap:
 garbage-first heap   total 299008K, used 146343K [0x0000000700000000, 0x0000000700100920, 0x00000007c0000000)
  region size 1024K, 52 young (53248K), 3 survivors (3072K)
 Metaspace       used 87667K, capacity 89713K, committed 95912K, reserved 1132544K
  class space    used 11454K, capacity 11911K, committed 13224K, reserved 1048576K
Heap Regions: E=young(eden), S=young(survivor), O=old, HS=humongous(starts), HC=humongous(continues), CS=collection set, F=free, A=archive, TS=gc time stamp, AC=allocation context, TAMS=top-at-mark-start (previous, next)
|   0|0x0000000700000000, 0x00000007000ea108, 0x0000000700100000| 91%| O|  |TS  0|AC  0|TAMS 0x0000000700000000, 0x0000000700000000|
|   1|0x0000000700100000, 0x0000000700200000, 0x0000000700200000|100%|HS|  |TS  0|AC  0|TAMS 0x0000000700100000, 0x0000000700100000|
|   2|0x0000000700200000, 0x0000000700300000, 0x0000000700300000|100%|HC|  |TS  0|AC  0|TAMS 0x0000000700200000, 0x0000000700200000|
|   3|0x0000000700300000, 0x0000000700400000, 0x0000000700400000|100%|HS|  |TS  0|AC  0|TAMS 0x0000000700300000, 0x0000000700300000|
|   4|0x0000000700400000, 0x00000007004fa5f8, 0x0000000700500000| 97%| O|  |TS  0|AC  0|TAMS 0x0000000700400000, 0x0000000700400000|
|   5|0x0000000700500000, 0x00000007005ce028, 0x0000000700600000| 80%| O|  |TS  0|AC  0|TAMS 0x0000000700500000, 0x0000000700500000|
|   6|0x0000000700600000, 0x00000007006ffff0, 0x0000000700700000| 99%| O|  |TS  0|AC  0|TAMS 0x0000000700600000, 0x0000000700600000|
|   7|0x0000000700700000, 0x0000000700800000, 0x0000000700800000|100%| O|  |TS  0|AC  0|TAMS 0x0000000700700000, 0x0000000700700000|
|   8|0x0000000700800000, 0x0000000700900000, 0x0000000700900000|100%| O|  |TS  0|AC  0|TAMS 0x0000000700800000, 0x0000000700800000|
|   9|0x0000000700900000, 0x00000007009f4a70, 0x0000000700a00000| 95%| O|  |TS  0|AC  0|TAMS 0x0000000700900000, 0x0000000700900000|
|  10|0x0000000700a00000, 0x0000000700aff840, 0x0000000700b00000| 99%| O|  |TS  0|AC  0|TAMS 0x0000000700a00000, 0x0000000700a00000|
|  11|0x0000000700b00000, 0x0000000700bffff8, 0x0000000700c00000| 99%| O|  |TS  0|AC  0|TAMS 0x0000000700b00000, 0x0000000700b00000|
|  12|0x0000000700c00000, 0x0000000700cf8510, 0x0000000700d00000| 96%| O|  |TS  0|AC  0|TAMS 0x0000000700c00000, 0x0000000700c00000|
|  13|0x0000000700d00000, 0x0000000700df2f98, 0x0000000700e00000| 94%| O|  |TS  0|AC  0|TAMS 0x0000000700d00000, 0x0000000700d00000|
|  14|0x0000000700e00000, 0x0000000700ebfbc0, 0x0000000700f00000| 74%| O|  |TS  0|AC  0|TAMS 0x0000000700e00000, 0x0000000700e00000|
|  15|0x0000000700f00000, 0x0000000700ff43d8, 0x0000000701000000| 95%| O|  |TS  0|AC  0|TAMS 0x0000000700f00000, 0x0000000700f00000|
|  16|0x0000000701000000, 0x00000007010c3b00, 0x0000000701100000| 76%| O|  |TS  0|AC  0|TAMS 0x0000000701000000, 0x0000000701000000|
|  17|0x0000000701100000, 0x00000007011fffe8, 0x0000000701200000| 99%| O|  |TS  0|AC  0|TAMS 0x0000000701100000, 0x0000000701100000|
|  18|0x0000000701200000, 0x00000007012ffff8, 0x0000000701300000| 99%| O|  |TS  0|AC  0|TAMS 0x0000000701200000, 0x0000000701200000|
|  19|0x0000000701300000, 0x00000007013cf8c0, 0x0000000701400000| 81%| O|  |TS  0|AC  0|TAMS 0x0000000701300000, 0x0000000701300000|
|  20|0x0000000701400000, 0x0000000701500000, 0x0000000701500000|100%| O|  |TS  0|AC  0|TAMS 0x0000000701400000, 0x0000000701400000|
|  21|0x0000000701500000, 0x00000007015fffc8, 0x0000000701600000| 99%| O|  |TS  0|AC  0|TAMS 0x0000000701500000, 0x0000000701500000|
|  22|0x0000000701600000, 0x00000007016ffff8, 0x0000000701700000| 99%| O|  |TS  0|AC  0|TAMS 0x0000000701600000, 0x0000000701600000|
|  23|0x0000000701700000, 0x00000007017fffe0, 0x0000000701800000| 99%| O|  |TS  0|AC  0|TAMS 0x0000000701700000, 0x0000000701700000|
|  24|0x0000000701800000, 0x00000007018ffff8, 0x0000000701900000| 99%| O|  |TS  0|AC  0|TAMS 0x0000000701800000, 0x0000000701800000|
|  25|0x0000000701900000, 0x00000007019fffd0, 0x0000000701a00000| 99%| O|  |TS  0|AC  0|TAMS 0x0000000701900000, 0x0000000701900000|
|  26|0x0000000701a00000, 0x0000000701affff8, 0x0000000701b00000| 99%| O|  |TS  0|AC  0|TAMS 0x0000000701a00000, 0x0000000701a00000|
|  27|0x0000000701b00000, 0x0000000701bfffd0, 0x0000000701c00000| 99%| O|  |TS  0|AC  0|TAMS 0x0000000701b00000, 0x0000000701b00000|
|  28|0x0000000701c00000, 0x0000000701cffff0, 0x0000000701d00000| 99%| O|  |TS  0|AC  0|TAMS 0x0000000701c00000, 0x0000000701c00000|
|  29|0x0000000701d00000, 0x0000000701e00000, 0x0000000701e00000|100%| O|  |TS  0|AC  0|TAMS 0x0000000701d00000, 0x0000000701d00000|
|  30|0x0000000701e00000, 0x0000000701ef7110, 0x0000000701f00000| 96%| O|  |TS  0|AC  0|TAMS 0x0000000701e00000, 0x0000000701e00000|
|  31|0x0000000701f00000, 0x0000000701ffff98, 0x0000000702000000| 99%| O|  |TS  0|AC  0|TAMS 0x0000000701f00000, 0x0000000701f00000|
|  32|0x0000000702000000, 0x0000000702100000, 0x0000000702100000|100%| O|  |TS  0|AC  0|TAMS 0x0000000702000000, 0x0000000702000000|
|  33|0x0000000702100000, 0x00000007021ffe18, 0x0000000702200000| 99%| O|  |TS  0|AC  0|TAMS 0x0000000702100000, 0x0000000702100000|
|  34|0x0000000702200000, 0x00000007022ffff8, 0x0000000702300000| 99%| O|  |TS  0|AC  0|TAMS 0x0000000702200000, 0x0000000702200000|
|  35|0x0000000702300000, 0x00000007023fffe0, 0x0000000702400000| 99%| O|  |TS  0|AC  0|TAMS 0x0000000702300000, 0x0000000702300000|
|  36|0x0000000702400000, 0x0000000702500000, 0x0000000702500000|100%| O|  |TS  0|AC  0|TAMS 0x0000000702400000, 0x0000000702400000|
|  37|0x0000000702500000, 0x00000007025fffe8, 0x0000000702600000| 99%| O|  |TS  0|AC  0|TAMS 0x0000000702500000, 0x0000000702500000|
|  38|0x0000000702600000, 0x00000007026d3cf0, 0x0000000702700000| 82%| O|  |TS  0|AC  0|TAMS 0x0000000702600000, 0x0000000702600000|
|  39|0x0000000702700000, 0x0000000702800000, 0x0000000702800000|100%| O|  |TS  0|AC  0|TAMS 0x0000000702700000, 0x0000000702700000|
|  40|0x0000000702800000, 0x00000007028fffd0, 0x0000000702900000| 99%| O|  |TS  0|AC  0|TAMS 0x0000000702800000, 0x0000000702800000|
|  41|0x0000000702900000, 0x0000000702a00000, 0x0000000702a00000|100%| O|  |TS  0|AC  0|TAMS 0x0000000702900000, 0x0000000702900000|
|  42|0x0000000702a00000, 0x0000000702b00000, 0x0000000702b00000|100%|HS|  |TS  0|AC  0|TAMS 0x0000000702a00000, 0x0000000702a00000|
|  43|0x0000000702b00000, 0x0000000702c00000, 0x0000000702c00000|100%|HC|  |TS  0|AC  0|TAMS 0x0000000702b00000, 0x0000000702b00000|
|  44|0x0000000702c00000, 0x0000000702d00000, 0x0000000702d00000|100%|HC|  |TS  0|AC  0|TAMS 0x0000000702c00000, 0x0000000702c00000|
|  45|0x0000000702d00000, 0x0000000702e00000, 0x0000000702e00000|100%|HC|  |TS  0|AC  0|TAMS 0x0000000702d00000, 0x0000000702d00000|
|  46|0x0000000702e00000, 0x0000000702f00000, 0x0000000702f00000|100%|HC|  |TS  0|AC  0|TAMS 0x0000000702e00000, 0x0000000702e00000|
|  47|0x0000000702f00000, 0x0000000703000000, 0x0000000703000000|100%|HC|  |TS  0|AC  0|TAMS 0x0000000702f00000, 0x0000000702f00000|
|  48|0x0000000703000000, 0x0000000703100000, 0x0000000703100000|100%|HC|  |TS  0|AC  0|TAMS 0x0000000703000000, 0x0000000703000000|
|  49|0x0000000703100000, 0x0000000703200000, 0x0000000703200000|100%|HC|  |TS  0|AC  0|TAMS 0x0000000703100000, 0x0000000703100000|
|  50|0x0000000703200000, 0x00000007032fffd8, 0x0000000703300000| 99%| O|  |TS  0|AC  0|TAMS 0x0000000703200000, 0x0000000703200000|
|  51|0x0000000703300000, 0x00000007033fffd0, 0x0000000703400000| 99%| O|  |TS  0|AC  0|TAMS 0x0000000703300000, 0x0000000703300000|
|  52|0x0000000703400000, 0x00000007034ffff8, 0x0000000703500000| 99%| O|  |TS  0|AC  0|TAMS 0x0000000703400000, 0x0000000703400000|
|  53|0x0000000703500000, 0x00000007035ffe70, 0x0000000703600000| 99%| O|  |TS  0|AC  0|TAMS 0x0000000703500000, 0x0000000703500000|
|  54|0x0000000703600000, 0x00000007036ffff8, 0x0000000703700000| 99%| O|  |TS  0|AC  0|TAMS 0x0000000703600000, 0x0000000703600000|
|  55|0x0000000703700000, 0x00000007037fffa8, 0x0000000703800000| 99%| O|  |TS  0|AC  0|TAMS 0x0000000703700000, 0x0000000703700000|
|  56|0x0000000703800000, 0x00000007038fff88, 0x0000000703900000| 99%| O|  |TS  0|AC  0|TAMS 0x0000000703800000, 0x0000000703800000|
|  57|0x0000000703900000, 0x00000007039ffff0, 0x0000000703a00000| 99%| O|  |TS  0|AC  0|TAMS 0x0000000703900000, 0x0000000703900000|
|  58|0x0000000703a00000, 0x0000000703afffe0, 0x0000000703b00000| 99%| O|  |TS  0|AC  0|TAMS 0x0000000703a00000, 0x0000000703a00000|
|  59|0x0000000703b00000, 0x0000000703c00000, 0x0000000703c00000|100%| O|  |TS  0|AC  0|TAMS 0x0000000703b00000, 0x0000000703b00000|
|  60|0x0000000703c00000, 0x0000000703cffff0, 0x0000000703d00000| 99%| O|  |TS  0|AC  0|TAMS 0x0000000703c00000, 0x0000000703c00000|
|  61|0x0000000703d00000, 0x0000000703e00000, 0x0000000703e00000|100%| O|  |TS  0|AC  0|TAMS 0x0000000703d00000, 0x0000000703d00000|
|  62|0x0000000703e00000, 0x0000000703effff0, 0x0000000703f00000| 99%| O|  |TS  0|AC  0|TAMS 0x0000000703e00000, 0x0000000703e00000|
|  63|0x0000000703f00000, 0x0000000704000000, 0x0000000704000000|100%| O|  |TS  0|AC  0|TAMS 0x0000000703f00000, 0x0000000703f00000|
|  64|0x0000000704000000, 0x0000000704100000, 0x0000000704100000|100%|HS|  |TS  0|AC  0|TAMS 0x0000000704000000, 0x0000000704000000|
|  65|0x0000000704100000, 0x00000007041fec88, 0x0000000704200000| 99%| O|  |TS  0|AC  0|TAMS 0x0000000704100000, 0x0000000704100000|
|  66|0x0000000704200000, 0x00000007042fff28, 0x0000000704300000| 99%| O|  |TS  0|AC  0|TAMS 0x0000000704200000, 0x0000000704200000|
|  67|0x0000000704300000, 0x00000007043ffff8, 0x0000000704400000| 99%| O|  |TS  0|AC  0|TAMS 0x0000000704300000, 0x0000000704300000|
|  68|0x0000000704400000, 0x00000007044fe930, 0x0000000704500000| 99%| O|  |TS  0|AC  0|TAMS 0x0000000704400000, 0x0000000704400000|
|  69|0x0000000704500000, 0x0000000704600000, 0x0000000704600000|100%| O|  |TS  0|AC  0|TAMS 0x0000000704500000, 0x0000000704500000|
|  70|0x0000000704600000, 0x00000007046ffff8, 0x0000000704700000| 99%| O|  |TS  0|AC  0|TAMS 0x0000000704600000, 0x0000000704600000|
|  71|0x0000000704700000, 0x00000007047ffea8, 0x0000000704800000| 99%| O|  |TS  0|AC  0|TAMS 0x0000000704700000, 0x0000000704700000|
|  72|0x0000000704800000, 0x00000007048ffff8, 0x0000000704900000| 99%| O|  |TS  0|AC  0|TAMS 0x0000000704800000, 0x0000000704800000|
|  73|0x0000000704900000, 0x00000007049fffc8, 0x0000000704a00000| 99%| O|  |TS  0|AC  0|TAMS 0x0000000704900000, 0x0000000704900000|
|  74|0x0000000704a00000, 0x0000000704afffc0, 0x0000000704b00000| 99%| O|  |TS  0|AC  0|TAMS 0x0000000704a00000, 0x0000000704a00000|
|  75|0x0000000704b00000, 0x0000000704bfef78, 0x0000000704c00000| 99%| O|  |TS  0|AC  0|TAMS 0x0000000704b00000, 0x0000000704b00000|
|  76|0x0000000704c00000, 0x0000000704cfff00, 0x0000000704d00000| 99%| O|  |TS  0|AC  0|TAMS 0x0000000704c00000, 0x0000000704c00000|
|  77|0x0000000704d00000, 0x0000000704dbd4e8, 0x0000000704e00000| 73%| O|  |TS  0|AC  0|TAMS 0x0000000704d00000, 0x0000000704d00000|
|  78|0x0000000704e00000, 0x0000000704f00000, 0x0000000704f00000|100%| O|  |TS  0|AC  0|TAMS 0x0000000704e00000, 0x0000000704e00000|
|  79|0x0000000704f00000, 0x0000000704fffff8, 0x0000000705000000| 99%| O|  |TS  0|AC  0|TAMS 0x0000000704f00000, 0x0000000704f00000|
|  80|0x0000000705000000, 0x0000000705100000, 0x0000000705100000|100%| O|  |TS  0|AC  0|TAMS 0x0000000705000000, 0x0000000705000000|
|  81|0x0000000705100000, 0x00000007051e97c8, 0x0000000705200000| 91%| O|  |TS  0|AC  0|TAMS 0x0000000705100000, 0x0000000705100000|
|  82|0x0000000705200000, 0x0000000705200000, 0x0000000705300000|  0%| F|  |TS  0|AC  0|TAMS 0x0000000705200000, 0x0000000705200000|
|  83|0x0000000705300000, 0x0000000705400000, 0x0000000705400000|100%|HS|  |TS  0|AC  0|TAMS 0x0000000705300000, 0x0000000705300000|
|  84|0x0000000705400000, 0x0000000705400000, 0x0000000705500000|  0%| F|  |TS  0|AC  0|TAMS 0x0000000705400000, 0x0000000705400000|
|  85|0x0000000705500000, 0x0000000705500000, 0x0000000705600000|  0%| F|  |TS  0|AC  0|TAMS 0x0000000705500000, 0x0000000705500000|
|  86|0x0000000705600000, 0x0000000705600000, 0x0000000705700000|  0%| F|  |TS  0|AC  0|TAMS 0x0000000705600000, 0x0000000705600000|
|  87|0x0000000705700000, 0x0000000705800000, 0x0000000705800000|100%|HS|  |TS  0|AC  0|TAMS 0x0000000705700000, 0x0000000705700000|
|  88|0x0000000705800000, 0x0000000705800000, 0x0000000705900000|  0%| F|  |TS  0|AC  0|TAMS 0x0000000705800000, 0x0000000705800000|
|  89|0x0000000705900000, 0x0000000705a00000, 0x0000000705a00000|100%|HS|  |TS  0|AC  0|TAMS 0x0000000705900000, 0x0000000705900000|
|  90|0x0000000705a00000, 0x0000000705b00000, 0x0000000705b00000|100%|HC|  |TS  0|AC  0|TAMS 0x0000000705a00000, 0x0000000705a00000|
|  91|0x0000000705b00000, 0x0000000705c00000, 0x0000000705c00000|100%|HC|  |TS  0|AC  0|TAMS 0x0000000705b00000, 0x0000000705b00000|
|  92|0x0000000705c00000, 0x0000000705d00000, 0x0000000705d00000|100%|HC|  |TS  0|AC  0|TAMS 0x0000000705c00000, 0x0000000705c00000|
|  93|0x0000000705d00000, 0x0000000705e00000, 0x0000000705e00000|100%|HC|  |TS  0|AC  0|TAMS 0x0000000705d00000, 0x0000000705d00000|
|  94|0x0000000705e00000, 0x0000000705f00000, 0x0000000705f00000|100%|HC|  |TS  0|AC  0|TAMS 0x0000000705e00000, 0x0000000705e00000|
|  95|0x0000000705f00000, 0x0000000706000000, 0x0000000706000000|100%|HC|  |TS  0|AC  0|TAMS 0x0000000705f00000, 0x0000000705f00000|
|  96|0x0000000706000000, 0x0000000706100000, 0x0000000706100000|100%|HC|  |TS  0|AC  0|TAMS 0x0000000706000000, 0x0000000706000000|
|  97|0x0000000706100000, 0x0000000706200000, 0x0000000706200000|100%|HS|  |TS  0|AC  0|TAMS 0x0000000706100000, 0x0000000706100000|
|  98|0x0000000706200000, 0x0000000706300000, 0x0000000706300000|100%|HC|  |TS  0|AC  0|TAMS 0x0000000706200000, 0x0000000706200000|
|  99|0x0000000706300000, 0x0000000706300000, 0x0000000706400000|  0%| F|  |TS  0|AC  0|TAMS 0x0000000706300000, 0x0000000706300000|
| 100|0x0000000706400000, 0x0000000706400000, 0x0000000706500000|  0%| F|  |TS  0|AC  0|TAMS 0x0000000706400000, 0x0000000706400000|
| 101|0x0000000706500000, 0x0000000706500000, 0x0000000706600000|  0%| F|  |TS  0|AC  0|TAMS 0x0000000706500000, 0x0000000706500000|
| 102|0x0000000706600000, 0x0000000706600000, 0x0000000706700000|  0%| F|  |TS  0|AC  0|TAMS 0x0000000706600000, 0x0000000706600000|
| 103|0x0000000706700000, 0x0000000706700000, 0x0000000706800000|  0%| F|  |TS  0|AC  0|TAMS 0x0000000706700000, 0x0000000706700000|
| 104|0x0000000706800000, 0x0000000706800000, 0x0000000706900000|  0%| F|  |TS  0|AC  0|TAMS 0x0000000706800000, 0x0000000706800000|
| 105|0x0000000706900000, 0x0000000706900000, 0x0000000706a00000|  0%| F|  |TS  0|AC  0|TAMS 0x0000000706900000, 0x0000000706900000|
| 106|0x0000000706a00000, 0x0000000706a00000, 0x0000000706b00000|  0%| F|  |TS  0|AC  0|TAMS 0x0000000706a00000, 0x0000000706a00000|
| 107|0x0000000706b00000, 0x0000000706b00000, 0x0000000706c00000|  0%| F|  |TS  0|AC  0|TAMS 0x0000000706b00000, 0x0000000706b00000|
| 108|0x0000000706c00000, 0x0000000706c00000, 0x0000000706d00000|  0%| F|  |TS  0|AC  0|TAMS 0x0000000706c00000, 0x0000000706c00000|
| 109|0x0000000706d00000, 0x0000000706d00000, 0x0000000706e00000|  0%| F|  |TS  0|AC  0|TAMS 0x0000000706d00000, 0x0000000706d00000|
| 110|0x0000000706e00000, 0x0000000706e00000, 0x0000000706f00000|  0%| F|  |TS  0|AC  0|TAMS 0x0000000706e00000, 0x0000000706e00000|
| 111|0x0000000706f00000, 0x0000000706f00000, 0x0000000707000000|  0%| F|  |TS  0|AC  0|TAMS 0x0000000706f00000, 0x0000000706f00000|
| 112|0x0000000707000000, 0x0000000707000000, 0x0000000707100000|  0%| F|  |TS  0|AC  0|TAMS 0x0000000707000000, 0x0000000707000000|
| 113|0x0000000707100000, 0x0000000707100000, 0x0000000707200000|  0%| F|  |TS  0|AC  0|TAMS 0x0000000707100000, 0x0000000707100000|
| 114|0x0000000707200000, 0x0000000707200000, 0x0000000707300000|  0%| F|  |TS  0|AC  0|TAMS 0x0000000707200000, 0x0000000707200000|
| 115|0x0000000707300000, 0x0000000707300000, 0x0000000707400000|  0%| F|  |TS  0|AC  0|TAMS 0x0000000707300000, 0x0000000707300000|
| 116|0x0000000707400000, 0x0000000707400000, 0x0000000707500000|  0%| F|  |TS  0|AC  0|TAMS 0x0000000707400000, 0x0000000707400000|
| 117|0x0000000707500000, 0x0000000707500000, 0x0000000707600000|  0%| F|  |TS  0|AC  0|TAMS 0x0000000707500000, 0x0000000707500000|
| 118|0x0000000707600000, 0x0000000707600000, 0x0000000707700000|  0%| F|  |TS  0|AC  0|TAMS 0x0000000707600000, 0x0000000707600000|
| 119|0x0000000707700000, 0x0000000707700000, 0x0000000707800000|  0%| F|  |TS  0|AC  0|TAMS 0x0000000707700000, 0x0000000707700000|
| 120|0x0000000707800000, 0x0000000707800000, 0x0000000707900000|  0%| F|  |TS  0|AC  0|TAMS 0x0000000707800000, 0x0000000707800000|
| 121|0x0000000707900000, 0x0000000707900000, 0x0000000707a00000|  0%| F|  |TS  0|AC  0|TAMS 0x0000000707900000, 0x0000000707900000|
| 122|0x0000000707a00000, 0x0000000707a00000, 0x0000000707b00000|  0%| F|  |TS  0|AC  0|TAMS 0x0000000707a00000, 0x0000000707a00000|
| 123|0x0000000707b00000, 0x0000000707b00000, 0x0000000707c00000|  0%| F|  |TS  0|AC  0|TAMS 0x0000000707b00000, 0x0000000707b00000|
| 124|0x0000000707c00000, 0x0000000707c00000, 0x0000000707d00000|  0%| F|  |TS  0|AC  0|TAMS 0x0000000707c00000, 0x0000000707c00000|
| 125|0x0000000707d00000, 0x0000000707d00000, 0x0000000707e00000|  0%| F|  |TS  0|AC  0|TAMS 0x0000000707d00000, 0x0000000707d00000|
| 126|0x0000000707e00000, 0x0000000707e00000, 0x0000000707f00000|  0%| F|  |TS  0|AC  0|TAMS 0x0000000707e00000, 0x0000000707e00000|
| 127|0x0000000707f00000, 0x0000000707f00000, 0x0000000708000000|  0%| F|  |TS  0|AC  0|TAMS 0x0000000707f00000, 0x0000000707f00000|
| 128|0x0000000708000000, 0x0000000708000000, 0x0000000708100000|  0%| F|  |TS  0|AC  0|TAMS 0x0000000708000000, 0x0000000708000000|
| 129|0x0000000708100000, 0x0000000708100000, 0x0000000708200000|  0%| F|  |TS  0|AC  0|TAMS 0x0000000708100000, 0x0000000708100000|
| 130|0x0000000708200000, 0x0000000708200000, 0x0000000708300000|  0%| F|  |TS  0|AC  0|TAMS 0x0000000708200000, 0x0000000708200000|
| 131|0x0000000708300000, 0x0000000708300000, 0x0000000708400000|  0%| F|  |TS  0|AC  0|TAMS 0x0000000708300000, 0x0000000708300000|
| 132|0x0000000708400000, 0x0000000708400000, 0x0000000708500000|  0%| F|  |TS  0|AC  0|TAMS 0x0000000708400000, 0x0000000708400000|
| 133|0x0000000708500000, 0x0000000708500000, 0x0000000708600000|  0%| F|  |TS  0|AC  0|TAMS 0x0000000708500000, 0x0000000708500000|
| 134|0x0000000708600000, 0x0000000708600000, 0x0000000708700000|  0%| F|  |TS  0|AC  0|TAMS 0x0000000708600000, 0x0000000708600000|
| 135|0x0000000708700000, 0x0000000708700000, 0x0000000708800000|  0%| F|  |TS  0|AC  0|TAMS 0x0000000708700000, 0x0000000708700000|
| 136|0x0000000708800000, 0x0000000708800000, 0x0000000708900000|  0%| F|  |TS  0|AC  0|TAMS 0x0000000708800000, 0x0000000708800000|
| 137|0x0000000708900000, 0x0000000708900000, 0x0000000708a00000|  0%| F|  |TS  0|AC  0|TAMS 0x0000000708900000, 0x0000000708900000|
| 138|0x0000000708a00000, 0x0000000708a00000, 0x0000000708b00000|  0%| F|  |TS  0|AC  0|TAMS 0x0000000708a00000, 0x0000000708a00000|
| 139|0x0000000708b00000, 0x0000000708b00000, 0x0000000708c00000|  0%| F|  |TS  0|AC  0|TAMS 0x0000000708b00000, 0x0000000708b00000|
| 140|0x0000000708c00000, 0x0000000708c00000, 0x0000000708d00000|  0%| F|  |TS  0|AC  0|TAMS 0x0000000708c00000, 0x0000000708c00000|
| 141|0x0000000708d00000, 0x0000000708d00000, 0x0000000708e00000|  0%| F|  |TS  0|AC  0|TAMS 0x0000000708d00000, 0x0000000708d00000|
| 142|0x0000000708e00000, 0x0000000708e00000, 0x0000000708f00000|  0%| F|  |TS  0|AC  0|TAMS 0x0000000708e00000, 0x0000000708e00000|
| 143|0x0000000708f00000, 0x0000000708f00000, 0x0000000709000000|  0%| F|  |TS  0|AC  0|TAMS 0x0000000708f00000, 0x0000000708f00000|
| 144|0x0000000709000000, 0x0000000709000000, 0x0000000709100000|  0%| F|  |TS  0|AC  0|TAMS 0x0000000709000000, 0x0000000709000000|
| 145|0x0000000709100000, 0x0000000709100000, 0x0000000709200000|  0%| F|  |TS  0|AC  0|TAMS 0x0000000709100000, 0x0000000709100000|
| 146|0x0000000709200000, 0x0000000709200000, 0x0000000709300000|  0%| F|  |TS  0|AC  0|TAMS 0x0000000709200000, 0x0000000709200000|
| 147|0x0000000709300000, 0x0000000709300000, 0x0000000709400000|  0%| F|  |TS  0|AC  0|TAMS 0x0000000709300000, 0x0000000709300000|
| 148|0x0000000709400000, 0x0000000709400000, 0x0000000709500000|  0%| F|  |TS  0|AC  0|TAMS 0x0000000709400000, 0x0000000709400000|
| 149|0x0000000709500000, 0x0000000709500000, 0x0000000709600000|  0%| F|  |TS  0|AC  0|TAMS 0x0000000709500000, 0x0000000709500000|
| 150|0x0000000709600000, 0x0000000709600000, 0x0000000709700000|  0%| F|  |TS  0|AC  0|TAMS 0x0000000709600000, 0x0000000709600000|
| 151|0x0000000709700000, 0x0000000709700000, 0x0000000709800000|  0%| F|  |TS  0|AC  0|TAMS 0x0000000709700000, 0x0000000709700000|
| 152|0x0000000709800000, 0x0000000709800000, 0x0000000709900000|  0%| F|  |TS  0|AC  0|TAMS 0x0000000709800000, 0x0000000709800000|
| 153|0x0000000709900000, 0x0000000709900000, 0x0000000709a00000|  0%| F|  |TS  0|AC  0|TAMS 0x0000000709900000, 0x0000000709900000|
| 154|0x0000000709a00000, 0x0000000709a00000, 0x0000000709b00000|  0%| F|  |TS  0|AC  0|TAMS 0x0000000709a00000, 0x0000000709a00000|
| 155|0x0000000709b00000, 0x0000000709b00000, 0x0000000709c00000|  0%| F|  |TS  0|AC  0|TAMS 0x0000000709b00000, 0x0000000709b00000|
| 156|0x0000000709c00000, 0x0000000709c00000, 0x0000000709d00000|  0%| F|  |TS  0|AC  0|TAMS 0x0000000709c00000, 0x0000000709c00000|
| 157|0x0000000709d00000, 0x0000000709d00000, 0x0000000709e00000|  0%| F|  |TS  0|AC  0|TAMS 0x0000000709d00000, 0x0000000709d00000|
| 158|0x0000000709e00000, 0x0000000709e00000, 0x0000000709f00000|  0%| F|  |TS  0|AC  0|TAMS 0x0000000709e00000, 0x0000000709e00000|
| 159|0x0000000709f00000, 0x0000000709f00000, 0x000000070a000000|  0%| F|  |TS  0|AC  0|TAMS 0x0000000709f00000, 0x0000000709f00000|
| 160|0x000000070a000000, 0x000000070a000000, 0x000000070a100000|  0%| F|  |TS  0|AC  0|TAMS 0x000000070a000000, 0x000000070a000000|
| 161|0x000000070a100000, 0x000000070a100000, 0x000000070a200000|  0%| F|  |TS  0|AC  0|TAMS 0x000000070a100000, 0x000000070a100000|
| 162|0x000000070a200000, 0x000000070a200000, 0x000000070a300000|  0%| F|  |TS  0|AC  0|TAMS 0x000000070a200000, 0x000000070a200000|
| 163|0x000000070a300000, 0x000000070a300000, 0x000000070a400000|  0%| F|  |TS  0|AC  0|TAMS 0x000000070a300000, 0x000000070a300000|
| 164|0x000000070a400000, 0x000000070a400000, 0x000000070a500000|  0%| F|  |TS  0|AC  0|TAMS 0x000000070a400000, 0x000000070a400000|
| 165|0x000000070a500000, 0x000000070a500000, 0x000000070a600000|  0%| F|  |TS  0|AC  0|TAMS 0x000000070a500000, 0x000000070a500000|
| 166|0x000000070a600000, 0x000000070a600000, 0x000000070a700000|  0%| F|  |TS  0|AC  0|TAMS 0x000000070a600000, 0x000000070a600000|
| 167|0x000000070a700000, 0x000000070a700000, 0x000000070a800000|  0%| F|  |TS  0|AC  0|TAMS 0x000000070a700000, 0x000000070a700000|
| 168|0x000000070a800000, 0x000000070a800000, 0x000000070a900000|  0%| F|  |TS  0|AC  0|TAMS 0x000000070a800000, 0x000000070a800000|
| 169|0x000000070a900000, 0x000000070a900000, 0x000000070aa00000|  0%| F|  |TS  0|AC  0|TAMS 0x000000070a900000, 0x000000070a900000|
| 170|0x000000070aa00000, 0x000000070aa00000, 0x000000070ab00000|  0%| F|  |TS  0|AC  0|TAMS 0x000000070aa00000, 0x000000070aa00000|
| 171|0x000000070ab00000, 0x000000070ab00000, 0x000000070ac00000|  0%| F|  |TS  0|AC  0|TAMS 0x000000070ab00000, 0x000000070ab00000|
| 172|0x000000070ac00000, 0x000000070ac00000, 0x000000070ad00000|  0%| F|  |TS  0|AC  0|TAMS 0x000000070ac00000, 0x000000070ac00000|
| 173|0x000000070ad00000, 0x000000070ad00000, 0x000000070ae00000|  0%| F|  |TS  0|AC  0|TAMS 0x000000070ad00000, 0x000000070ad00000|
| 174|0x000000070ae00000, 0x000000070ae00000, 0x000000070af00000|  0%| F|  |TS  0|AC  0|TAMS 0x000000070ae00000, 0x000000070ae00000|
| 175|0x000000070af00000, 0x000000070af00000, 0x000000070b000000|  0%| F|  |TS  0|AC  0|TAMS 0x000000070af00000, 0x000000070af00000|
| 176|0x000000070b000000, 0x000000070b000000, 0x000000070b100000|  0%| F|  |TS  0|AC  0|TAMS 0x000000070b000000, 0x000000070b000000|
| 177|0x000000070b100000, 0x000000070b100000, 0x000000070b200000|  0%| F|  |TS  0|AC  0|TAMS 0x000000070b100000, 0x000000070b100000|
| 178|0x000000070b200000, 0x000000070b200000, 0x000000070b300000|  0%| F|  |TS  0|AC  0|TAMS 0x000000070b200000, 0x000000070b200000|
| 179|0x000000070b300000, 0x000000070b300000, 0x000000070b400000|  0%| F|  |TS  0|AC  0|TAMS 0x000000070b300000, 0x000000070b300000|
| 180|0x000000070b400000, 0x000000070b400000, 0x000000070b500000|  0%| F|  |TS  0|AC  0|TAMS 0x000000070b400000, 0x000000070b400000|
| 181|0x000000070b500000, 0x000000070b500000, 0x000000070b600000|  0%| F|  |TS  0|AC  0|TAMS 0x000000070b500000, 0x000000070b500000|
| 182|0x000000070b600000, 0x000000070b600000, 0x000000070b700000|  0%| F|  |TS  0|AC  0|TAMS 0x000000070b600000, 0x000000070b600000|
| 183|0x000000070b700000, 0x000000070b700000, 0x000000070b800000|  0%| F|  |TS  0|AC  0|TAMS 0x000000070b700000, 0x000000070b700000|
| 184|0x000000070b800000, 0x000000070b800000, 0x000000070b900000|  0%| F|  |TS  0|AC  0|TAMS 0x000000070b800000, 0x000000070b800000|
| 185|0x000000070b900000, 0x000000070b900000, 0x000000070ba00000|  0%| F|  |TS  0|AC  0|TAMS 0x000000070b900000, 0x000000070b900000|
| 186|0x000000070ba00000, 0x000000070ba00000, 0x000000070bb00000|  0%| F|  |TS  0|AC  0|TAMS 0x000000070ba00000, 0x000000070ba00000|
| 187|0x000000070bb00000, 0x000000070bb00000, 0x000000070bc00000|  0%| F|  |TS  0|AC  0|TAMS 0x000000070bb00000, 0x000000070bb00000|
| 188|0x000000070bc00000, 0x000000070bc00000, 0x000000070bd00000|  0%| F|  |TS  0|AC  0|TAMS 0x000000070bc00000, 0x000000070bc00000|
| 189|0x000000070bd00000, 0x000000070bd00000, 0x000000070be00000|  0%| F|  |TS  0|AC  0|TAMS 0x000000070bd00000, 0x000000070bd00000|
| 190|0x000000070be00000, 0x000000070be00000, 0x000000070bf00000|  0%| F|  |TS  0|AC  0|TAMS 0x000000070be00000, 0x000000070be00000|
| 191|0x000000070bf00000, 0x000000070bf00000, 0x000000070c000000|  0%| F|  |TS  0|AC  0|TAMS 0x000000070bf00000, 0x000000070bf00000|
| 192|0x000000070c000000, 0x000000070c000000, 0x000000070c100000|  0%| F|  |TS  0|AC  0|TAMS 0x000000070c000000, 0x000000070c000000|
| 193|0x000000070c100000, 0x000000070c100000, 0x000000070c200000|  0%| F|  |TS  0|AC  0|TAMS 0x000000070c100000, 0x000000070c100000|
| 194|0x000000070c200000, 0x000000070c200000, 0x000000070c300000|  0%| F|  |TS  0|AC  0|TAMS 0x000000070c200000, 0x000000070c200000|
| 195|0x000000070c300000, 0x000000070c300000, 0x000000070c400000|  0%| F|  |TS  0|AC  0|TAMS 0x000000070c300000, 0x000000070c300000|
| 196|0x000000070c400000, 0x000000070c400000, 0x000000070c500000|  0%| F|  |TS  0|AC  0|TAMS 0x000000070c400000, 0x000000070c400000|
| 197|0x000000070c500000, 0x000000070c500000, 0x000000070c600000|  0%| F|  |TS  0|AC  0|TAMS 0x000000070c500000, 0x000000070c500000|
| 198|0x000000070c600000, 0x000000070c600000, 0x000000070c700000|  0%| F|  |TS  0|AC  0|TAMS 0x000000070c600000, 0x000000070c600000|
| 199|0x000000070c700000, 0x000000070c700000, 0x000000070c800000|  0%| F|  |TS  0|AC  0|TAMS 0x000000070c700000, 0x000000070c700000|
| 200|0x000000070c800000, 0x000000070c800000, 0x000000070c900000|  0%| F|  |TS  0|AC  0|TAMS 0x000000070c800000, 0x000000070c800000|
| 201|0x000000070c900000, 0x000000070c900000, 0x000000070ca00000|  0%| F|  |TS  0|AC  0|TAMS 0x000000070c900000, 0x000000070c900000|
| 202|0x000000070ca00000, 0x000000070ca00000, 0x000000070cb00000|  0%| F|  |TS  0|AC  0|TAMS 0x000000070ca00000, 0x000000070ca00000|
| 203|0x000000070cb00000, 0x000000070cb00000, 0x000000070cc00000|  0%| F|  |TS  0|AC  0|TAMS 0x000000070cb00000, 0x000000070cb00000|
| 204|0x000000070cc00000, 0x000000070cc00000, 0x000000070cd00000|  0%| F|  |TS  0|AC  0|TAMS 0x000000070cc00000, 0x000000070cc00000|
| 205|0x000000070cd00000, 0x000000070cd00000, 0x000000070ce00000|  0%| F|  |TS  0|AC  0|TAMS 0x000000070cd00000, 0x000000070cd00000|
| 206|0x000000070ce00000, 0x000000070ce00000, 0x000000070cf00000|  0%| F|  |TS  0|AC  0|TAMS 0x000000070ce00000, 0x000000070ce00000|
| 207|0x000000070cf00000, 0x000000070cf00000, 0x000000070d000000|  0%| F|  |TS  0|AC  0|TAMS 0x000000070cf00000, 0x000000070cf00000|
| 208|0x000000070d000000, 0x000000070d000000, 0x000000070d100000|  0%| F|  |TS  0|AC  0|TAMS 0x000000070d000000, 0x000000070d000000|
| 209|0x000000070d100000, 0x000000070d100000, 0x000000070d200000|  0%| F|  |TS  0|AC  0|TAMS 0x000000070d100000, 0x000000070d100000|
| 210|0x000000070d200000, 0x000000070d200000, 0x000000070d300000|  0%| F|  |TS  0|AC  0|TAMS 0x000000070d200000, 0x000000070d200000|
| 211|0x000000070d300000, 0x000000070d300000, 0x000000070d400000|  0%| F|  |TS  0|AC  0|TAMS 0x000000070d300000, 0x000000070d300000|
| 212|0x000000070d400000, 0x000000070d400000, 0x000000070d500000|  0%| F|  |TS  0|AC  0|TAMS 0x000000070d400000, 0x000000070d400000|
| 213|0x000000070d500000, 0x000000070d500000, 0x000000070d600000|  0%| F|  |TS  0|AC  0|TAMS 0x000000070d500000, 0x000000070d500000|
| 214|0x000000070d600000, 0x000000070d600000, 0x000000070d700000|  0%| F|  |TS  0|AC  0|TAMS 0x000000070d600000, 0x000000070d600000|
| 215|0x000000070d700000, 0x000000070d700000, 0x000000070d800000|  0%| F|  |TS  0|AC  0|TAMS 0x000000070d700000, 0x000000070d700000|
| 216|0x000000070d800000, 0x000000070d800000, 0x000000070d900000|  0%| F|  |TS  0|AC  0|TAMS 0x000000070d800000, 0x000000070d800000|
| 217|0x000000070d900000, 0x000000070d900000, 0x000000070da00000|  0%| F|  |TS  0|AC  0|TAMS 0x000000070d900000, 0x000000070d900000|
| 218|0x000000070da00000, 0x000000070da00000, 0x000000070db00000|  0%| F|  |TS  0|AC  0|TAMS 0x000000070da00000, 0x000000070da00000|
| 219|0x000000070db00000, 0x000000070db00000, 0x000000070dc00000|  0%| F|  |TS  0|AC  0|TAMS 0x000000070db00000, 0x000000070db00000|
| 220|0x000000070dc00000, 0x000000070dc00000, 0x000000070dd00000|  0%| F|  |TS  0|AC  0|TAMS 0x000000070dc00000, 0x000000070dc00000|
| 221|0x000000070dd00000, 0x000000070dd00000, 0x000000070de00000|  0%| F|  |TS  0|AC  0|TAMS 0x000000070dd00000, 0x000000070dd00000|
| 222|0x000000070de00000, 0x000000070de00000, 0x000000070df00000|  0%| F|  |TS  0|AC  0|TAMS 0x000000070de00000, 0x000000070de00000|
| 223|0x000000070df00000, 0x000000070df00000, 0x000000070e000000|  0%| F|  |TS  0|AC  0|TAMS 0x000000070df00000, 0x000000070df00000|
| 224|0x000000070e000000, 0x000000070e000000, 0x000000070e100000|  0%| F|  |TS  0|AC  0|TAMS 0x000000070e000000, 0x000000070e000000|
| 225|0x000000070e100000, 0x000000070e100000, 0x000000070e200000|  0%| F|  |TS  0|AC  0|TAMS 0x000000070e100000, 0x000000070e100000|
| 226|0x000000070e200000, 0x000000070e200000, 0x000000070e300000|  0%| F|  |TS  0|AC  0|TAMS 0x000000070e200000, 0x000000070e200000|
| 227|0x000000070e300000, 0x000000070e300000, 0x000000070e400000|  0%| F|  |TS  0|AC  0|TAMS 0x000000070e300000, 0x000000070e300000|
| 228|0x000000070e400000, 0x000000070e400000, 0x000000070e500000|  0%| F|  |TS  0|AC  0|TAMS 0x000000070e400000, 0x000000070e400000|
| 229|0x000000070e500000, 0x000000070e5a3618, 0x000000070e600000| 63%| S|CS|TS  5|AC  0|TAMS 0x000000070e500000, 0x000000070e500000|
| 230|0x000000070e600000, 0x000000070e600000, 0x000000070e700000|  0%| F|  |TS  5|AC  0|TAMS 0x000000070e600000, 0x000000070e600000|
| 231|0x000000070e700000, 0x000000070e800000, 0x000000070e800000|100%| S|CS|TS  5|AC  0|TAMS 0x000000070e700000, 0x000000070e700000|
| 232|0x000000070e800000, 0x000000070e800000, 0x000000070e900000|  0%| F|  |TS  5|AC  0|TAMS 0x000000070e800000, 0x000000070e800000|
| 233|0x000000070e900000, 0x000000070ea00000, 0x000000070ea00000|100%| S|CS|TS  5|AC  0|TAMS 0x000000070e900000, 0x000000070e900000|
| 234|0x000000070ea00000, 0x000000070ea00000, 0x000000070eb00000|  0%| F|  |TS  5|AC  0|TAMS 0x000000070ea00000, 0x000000070ea00000|
| 235|0x000000070eb00000, 0x000000070eb00000, 0x000000070ec00000|  0%| F|  |TS  5|AC  0|TAMS 0x000000070eb00000, 0x000000070eb00000|
| 236|0x000000070ec00000, 0x000000070ec00000, 0x000000070ed00000|  0%| F|  |TS  5|AC  0|TAMS 0x000000070ec00000, 0x000000070ec00000|
| 237|0x000000070ed00000, 0x000000070ed00000, 0x000000070ee00000|  0%| F|  |TS  5|AC  0|TAMS 0x000000070ed00000, 0x000000070ed00000|
| 238|0x000000070ee00000, 0x000000070ee00000, 0x000000070ef00000|  0%| F|  |TS  5|AC  0|TAMS 0x000000070ee00000, 0x000000070ee00000|
| 239|0x000000070ef00000, 0x000000070ef00000, 0x000000070f000000|  0%| F|  |TS  5|AC  0|TAMS 0x000000070ef00000, 0x000000070ef00000|
| 240|0x000000070f000000, 0x000000070f000000, 0x000000070f100000|  0%| F|  |TS  5|AC  0|TAMS 0x000000070f000000, 0x000000070f000000|
| 241|0x000000070f100000, 0x000000070f100000, 0x000000070f200000|  0%| F|  |TS  5|AC  0|TAMS 0x000000070f100000, 0x000000070f100000|
| 242|0x000000070f200000, 0x000000070f200000, 0x000000070f300000|  0%| F|  |TS  5|AC  0|TAMS 0x000000070f200000, 0x000000070f200000|
| 243|0x000000070f300000, 0x000000070f381ae0, 0x000000070f400000| 50%| E|  |TS  5|AC  0|TAMS 0x000000070f300000, 0x000000070f300000|
| 244|0x000000070f400000, 0x000000070f500000, 0x000000070f500000|100%| E|CS|TS  5|AC  0|TAMS 0x000000070f400000, 0x000000070f400000|
| 245|0x000000070f500000, 0x000000070f600000, 0x000000070f600000|100%| E|CS|TS  5|AC  0|TAMS 0x000000070f500000, 0x000000070f500000|
| 246|0x000000070f600000, 0x000000070f700000, 0x000000070f700000|100%| E|CS|TS  5|AC  0|TAMS 0x000000070f600000, 0x000000070f600000|
| 247|0x000000070f700000, 0x000000070f800000, 0x000000070f800000|100%| E|CS|TS  5|AC  0|TAMS 0x000000070f700000, 0x000000070f700000|
| 248|0x000000070f800000, 0x000000070f900000, 0x000000070f900000|100%| E|CS|TS  5|AC  0|TAMS 0x000000070f800000, 0x000000070f800000|
| 249|0x000000070f900000, 0x000000070fa00000, 0x000000070fa00000|100%| E|CS|TS  5|AC  0|TAMS 0x000000070f900000, 0x000000070f900000|
| 250|0x000000070fa00000, 0x000000070fb00000, 0x000000070fb00000|100%| E|CS|TS  5|AC  0|TAMS 0x000000070fa00000, 0x000000070fa00000|
| 251|0x000000070fb00000, 0x000000070fc00000, 0x000000070fc00000|100%| E|CS|TS  5|AC  0|TAMS 0x000000070fb00000, 0x000000070fb00000|
| 252|0x000000070fc00000, 0x000000070fd00000, 0x000000070fd00000|100%| E|CS|TS  5|AC  0|TAMS 0x000000070fc00000, 0x000000070fc00000|
| 253|0x000000070fd00000, 0x000000070fe00000, 0x000000070fe00000|100%| E|CS|TS  5|AC  0|TAMS 0x000000070fd00000, 0x000000070fd00000|
| 254|0x000000070fe00000, 0x000000070ff00000, 0x000000070ff00000|100%| E|CS|TS  5|AC  0|TAMS 0x000000070fe00000, 0x000000070fe00000|
| 255|0x000000070ff00000, 0x0000000710000000, 0x0000000710000000|100%| E|CS|TS  5|AC  0|TAMS 0x000000070ff00000, 0x000000070ff00000|
| 256|0x0000000710000000, 0x0000000710100000, 0x0000000710100000|100%| E|CS|TS  5|AC  0|TAMS 0x0000000710000000, 0x0000000710000000|
| 257|0x0000000710100000, 0x0000000710200000, 0x0000000710200000|100%| E|CS|TS  5|AC  0|TAMS 0x0000000710100000, 0x0000000710100000|
| 258|0x0000000710200000, 0x0000000710300000, 0x0000000710300000|100%| E|CS|TS  5|AC  0|TAMS 0x0000000710200000, 0x0000000710200000|
| 259|0x0000000710300000, 0x0000000710400000, 0x0000000710400000|100%| E|CS|TS  5|AC  0|TAMS 0x0000000710300000, 0x0000000710300000|
| 260|0x0000000710400000, 0x0000000710500000, 0x0000000710500000|100%| E|CS|TS  5|AC  0|TAMS 0x0000000710400000, 0x0000000710400000|
| 261|0x0000000710500000, 0x0000000710600000, 0x0000000710600000|100%| E|CS|TS  5|AC  0|TAMS 0x0000000710500000, 0x0000000710500000|
| 262|0x0000000710600000, 0x0000000710700000, 0x0000000710700000|100%| E|CS|TS  5|AC  0|TAMS 0x0000000710600000, 0x0000000710600000|
| 263|0x0000000710700000, 0x0000000710800000, 0x0000000710800000|100%| E|CS|TS  5|AC  0|TAMS 0x0000000710700000, 0x0000000710700000|
| 264|0x0000000710800000, 0x0000000710900000, 0x0000000710900000|100%| E|CS|TS  5|AC  0|TAMS 0x0000000710800000, 0x0000000710800000|
| 265|0x0000000710900000, 0x0000000710a00000, 0x0000000710a00000|100%| E|CS|TS  5|AC  0|TAMS 0x0000000710900000, 0x0000000710900000|
| 266|0x0000000710a00000, 0x0000000710b00000, 0x0000000710b00000|100%| E|CS|TS  5|AC  0|TAMS 0x0000000710a00000, 0x0000000710a00000|
| 267|0x0000000710b00000, 0x0000000710c00000, 0x0000000710c00000|100%| E|CS|TS  5|AC  0|TAMS 0x0000000710b00000, 0x0000000710b00000|
| 268|0x0000000710c00000, 0x0000000710d00000, 0x0000000710d00000|100%| E|CS|TS  5|AC  0|TAMS 0x0000000710c00000, 0x0000000710c00000|
| 269|0x0000000710d00000, 0x0000000710e00000, 0x0000000710e00000|100%| E|CS|TS  5|AC  0|TAMS 0x0000000710d00000, 0x0000000710d00000|
| 270|0x0000000710e00000, 0x0000000710f00000, 0x0000000710f00000|100%| E|CS|TS  5|AC  0|TAMS 0x0000000710e00000, 0x0000000710e00000|
| 271|0x0000000710f00000, 0x0000000711000000, 0x0000000711000000|100%| E|CS|TS  5|AC  0|TAMS 0x0000000710f00000, 0x0000000710f00000|
| 272|0x0000000711000000, 0x0000000711100000, 0x0000000711100000|100%| E|CS|TS  5|AC  0|TAMS 0x0000000711000000, 0x0000000711000000|
| 273|0x0000000711100000, 0x0000000711200000, 0x0000000711200000|100%| E|CS|TS  5|AC  0|TAMS 0x0000000711100000, 0x0000000711100000|
| 274|0x0000000711200000, 0x0000000711300000, 0x0000000711300000|100%| E|CS|TS  5|AC  0|TAMS 0x0000000711200000, 0x0000000711200000|
| 275|0x0000000711300000, 0x0000000711400000, 0x0000000711400000|100%| E|CS|TS  5|AC  0|TAMS 0x0000000711300000, 0x0000000711300000|
| 276|0x0000000711400000, 0x0000000711500000, 0x0000000711500000|100%| E|CS|TS  5|AC  0|TAMS 0x0000000711400000, 0x0000000711400000|
| 277|0x0000000711500000, 0x0000000711600000, 0x0000000711600000|100%| E|CS|TS  5|AC  0|TAMS 0x0000000711500000, 0x0000000711500000|
| 278|0x0000000711600000, 0x0000000711700000, 0x0000000711700000|100%| E|CS|TS  5|AC  0|TAMS 0x0000000711600000, 0x0000000711600000|
| 279|0x0000000711700000, 0x0000000711800000, 0x0000000711800000|100%| E|CS|TS  5|AC  0|TAMS 0x0000000711700000, 0x0000000711700000|
| 280|0x0000000711800000, 0x0000000711900000, 0x0000000711900000|100%| E|CS|TS  5|AC  0|TAMS 0x0000000711800000, 0x0000000711800000|
| 281|0x0000000711900000, 0x0000000711a00000, 0x0000000711a00000|100%| E|CS|TS  5|AC  0|TAMS 0x0000000711900000, 0x0000000711900000|
| 282|0x0000000711a00000, 0x0000000711b00000, 0x0000000711b00000|100%| E|CS|TS  5|AC  0|TAMS 0x0000000711a00000, 0x0000000711a00000|
| 283|0x0000000711b00000, 0x0000000711c00000, 0x0000000711c00000|100%| E|CS|TS  5|AC  0|TAMS 0x0000000711b00000, 0x0000000711b00000|
| 284|0x0000000711c00000, 0x0000000711d00000, 0x0000000711d00000|100%| E|CS|TS  5|AC  0|TAMS 0x0000000711c00000, 0x0000000711c00000|
| 285|0x0000000711d00000, 0x0000000711e00000, 0x0000000711e00000|100%| E|CS|TS  5|AC  0|TAMS 0x0000000711d00000, 0x0000000711d00000|
| 286|0x0000000711e00000, 0x0000000711f00000, 0x0000000711f00000|100%| E|CS|TS  5|AC  0|TAMS 0x0000000711e00000, 0x0000000711e00000|
| 287|0x0000000711f00000, 0x0000000712000000, 0x0000000712000000|100%| E|CS|TS  5|AC  0|TAMS 0x0000000711f00000, 0x0000000711f00000|
| 288|0x0000000712000000, 0x0000000712100000, 0x0000000712100000|100%| E|CS|TS  5|AC  0|TAMS 0x0000000712000000, 0x0000000712000000|
| 289|0x0000000712100000, 0x0000000712200000, 0x0000000712200000|100%| E|CS|TS  5|AC  0|TAMS 0x0000000712100000, 0x0000000712100000|
| 290|0x0000000712200000, 0x0000000712300000, 0x0000000712300000|100%| E|CS|TS  5|AC  0|TAMS 0x0000000712200000, 0x0000000712200000|
| 291|0x0000000712300000, 0x0000000712400000, 0x0000000712400000|100%| E|CS|TS  5|AC  0|TAMS 0x0000000712300000, 0x0000000712300000|

Card table byte_map: [0x00000225c55f0000,0x00000225c5bf0000] byte_map_base: 0x00000225c1df0000

Marking Bits (Prev, Next): (CMBitMap*) 0x00000225bf5bc148, (CMBitMap*) 0x00000225bf5bc110
 Prev Bits: [0x00000225e27c0000, 0x00000225e57c0000)
 Next Bits: [0x00000225df7c0000, 0x00000225e27c0000)

Polling page: 0x00000225bcb00000

CodeHeap 'non-profiled nmethods': size=120000Kb used=26884Kb max_used=26884Kb free=93116Kb
 bounds [0x00000225d8290000, 0x00000225d9cf0000, 0x00000225df7c0000]
CodeHeap 'profiled nmethods': size=120000Kb used=43858Kb max_used=44989Kb free=76141Kb
 bounds [0x00000225d0d60000, 0x00000225d3a50000, 0x00000225d8290000]
CodeHeap 'non-nmethods': size=5760Kb used=1857Kb max_used=1950Kb free=3902Kb
 bounds [0x00000225d07c0000, 0x00000225d0a30000, 0x00000225d0d60000]
 total_blobs=39995 nmethods=19372 adapters=1232
 compilation: enabled

Compilation events (10 events):
Event: 12707.744 Thread 0x00000225c9167800 nmethod 26748 0x00000225d2f5bd90 code [0x00000225d2f5ca80, 0x00000225d2f66cb0]
Event: 12707.751 Thread 0x00000225c952a000 26749       4       java.lang.invoke.MethodTypeForm::<init> (687 bytes)
Event: 12707.756 Thread 0x00000225c9167800 26750       1       com.jidesoft.action.DockableBarContainer::getDockableBarList (5 bytes)
Event: 12707.756 Thread 0x00000225c9167800 nmethod 26750 0x00000225d99b3810 code [0x00000225d99b39c0, 0x00000225d99b3ad8]
Event: 12707.804 Thread 0x00000225c952a000 nmethod 26749 0x00000225d9aa3190 code [0x00000225d9aa3420, 0x00000225d9aa5b20]
Event: 12707.829 Thread 0x00000225c9529800 26751 % !   4       java.awt.EventQueue::removeSourceEvents @ 37 (294 bytes)
Event: 12707.831 Thread 0x00000225c9166000 26752       4       java.lang.Throwable::<init> (29 bytes)
Event: 12707.835 Thread 0x00000225c9166000 nmethod 26752 0x00000225d99fe690 code [0x00000225d99fe840, 0x00000225d99fef28]
Event: 12707.836 Thread 0x00000225c9167800 26753       3       ui.utils.o.ag::f (16 bytes)
Event: 12707.836 Thread 0x00000225c9167800 nmethod 26753 0x00000225d19f5290 code [0x00000225d19f5460, 0x00000225d19f5740]

GC Heap History (10 events):
Event: 12547.105 GC heap before
{Heap before GC invocations=731 (full 7):
 garbage-first heap   total 299008K, used 160114K [0x0000000700000000, 0x0000000700100920, 0x00000007c0000000)
  region size 1024K, 60 young (61440K), 4 survivors (4096K)
 Metaspace       used 87400K, capacity 89235K, committed 95528K, reserved 1132544K
  class space    used 11402K, capacity 11784K, committed 13096K, reserved 1048576K
}
Event: 12547.114 GC heap after
{Heap after GC invocations=732 (full 7):
 garbage-first heap   total 299008K, used 102837K [0x0000000700000000, 0x0000000700100920, 0x00000007c0000000)
  region size 1024K, 4 young (4096K), 4 survivors (4096K)
 Metaspace       used 87400K, capacity 89235K, committed 95528K, reserved 1132544K
  class space    used 11402K, capacity 11784K, committed 13096K, reserved 1048576K
}
Event: 12577.344 GC heap before
{Heap before GC invocations=732 (full 7):
 garbage-first heap   total 299008K, used 153013K [0x0000000700000000, 0x0000000700100920, 0x00000007c0000000)
  region size 1024K, 54 young (55296K), 4 survivors (4096K)
 Metaspace       used 87570K, capacity 89583K, committed 95912K, reserved 1132544K
  class space    used 11436K, capacity 11880K, committed 13224K, reserved 1048576K
}
Event: 12577.730 GC heap after
{Heap after GC invocations=733 (full 8):
 garbage-first heap   total 299008K, used 94489K [0x0000000700000000, 0x0000000700100920, 0x00000007c0000000)
  region size 1024K, 0 young (0K), 0 survivors (0K)
 Metaspace       used 87566K, capacity 89577K, committed 95912K, reserved 1132544K
  class space    used 11436K, capacity 11879K, committed 13224K, reserved 1048576K
}
Event: 12595.377 GC heap before
{Heap before GC invocations=733 (full 8):
 garbage-first heap   total 299008K, used 155929K [0x0000000700000000, 0x0000000700100920, 0x00000007c0000000)
  region size 1024K, 60 young (61440K), 0 survivors (0K)
 Metaspace       used 87577K, capacity 89577K, committed 95912K, reserved 1132544K
  class space    used 11436K, capacity 11879K, committed 13224K, reserved 1048576K
}
Event: 12595.383 GC heap after
{Heap after GC invocations=734 (full 8):
 garbage-first heap   total 299008K, used 95355K [0x0000000700000000, 0x0000000700100920, 0x00000007c0000000)
  region size 1024K, 1 young (1024K), 1 survivors (1024K)
 Metaspace       used 87577K, capacity 89577K, committed 95912K, reserved 1132544K
  class space    used 11436K, capacity 11879K, committed 13224K, reserved 1048576K
}
Event: 12668.171 GC heap before
{Heap before GC invocations=734 (full 8):
 garbage-first heap   total 299008K, used 155771K [0x0000000700000000, 0x0000000700100920, 0x00000007c0000000)
  region size 1024K, 60 young (61440K), 1 survivors (1024K)
 Metaspace       used 87599K, capacity 89577K, committed 95912K, reserved 1132544K
  class space    used 11436K, capacity 11879K, committed 13224K, reserved 1048576K
}
Event: 12668.179 GC heap after
{Heap after GC invocations=735 (full 8):
 garbage-first heap   total 299008K, used 95853K [0x0000000700000000, 0x0000000700100920, 0x00000007c0000000)
  region size 1024K, 2 young (2048K), 2 survivors (2048K)
 Metaspace       used 87599K, capacity 89577K, committed 95912K, reserved 1132544K
  class space    used 11436K, capacity 11879K, committed 13224K, reserved 1048576K
}
Event: 12707.634 GC heap before
{Heap before GC invocations=735 (full 8):
 garbage-first heap   total 299008K, used 155245K [0x0000000700000000, 0x0000000700100920, 0x00000007c0000000)
  region size 1024K, 60 young (61440K), 2 survivors (2048K)
 Metaspace       used 87657K, capacity 89713K, committed 95912K, reserved 1132544K
  class space    used 11453K, capacity 11911K, committed 13224K, reserved 1048576K
}
Event: 12707.640 GC heap after
{Heap after GC invocations=736 (full 8):
 garbage-first heap   total 299008K, used 97191K [0x0000000700000000, 0x0000000700100920, 0x00000007c0000000)
  region size 1024K, 3 young (3072K), 3 survivors (3072K)
 Metaspace       used 87657K, capacity 89713K, committed 95912K, reserved 1132544K
  class space    used 11453K, capacity 11911K, committed 13224K, reserved 1048576K
}

Deoptimization events (10 events):
Event: 12639.824 Thread 0x00000225e7f64000 Uncommon trap: reason=speculate_class_check action=maybe_recompile pc=0x00000225d93197ec method=javax.swing.JComponent.paintToOffscreen(Ljava/awt/Graphics;IIIIII)V @ 62 c2
Event: 12639.825 Thread 0x00000225e7f64000 Uncommon trap: reason=class_check action=maybe_recompile pc=0x00000225d9583188 method=javax.swing.JComponent.paint(Ljava/awt/Graphics;)V @ 54 c2
Event: 12639.825 Thread 0x00000225e7f64000 Uncommon trap: reason=speculate_class_check action=maybe_recompile pc=0x00000225d93197ec method=javax.swing.JComponent.paintToOffscreen(Ljava/awt/Graphics;IIIIII)V @ 62 c2
Event: 12707.446 Thread 0x00000225e7f64000 Uncommon trap: reason=unstable_if action=reinterpret pc=0x00000225d9435bc4 method=com.jidesoft.swing.JideBoxLayout.layoutContainer(Ljava/awt/Container;)V @ 291 c2
Event: 12707.446 Thread 0x00000225e7f64000 Uncommon trap: reason=unstable_if action=reinterpret pc=0x00000225d9abc8a8 method=com.jidesoft.swing.JideBoxLayout.calculateComponentSizes(III)Z @ 672 c2
Event: 12707.487 Thread 0x00000225e7f64000 Uncommon trap: reason=unstable_if action=reinterpret pc=0x00000225d9064e3c method=sun.java2d.marlin.Dasher.lineTo(FF)V @ 152 c2
Event: 12707.616 Thread 0x00000225e7f64000 Uncommon trap: reason=unstable_if action=reinterpret pc=0x00000225d959ebe4 method=java.awt.EventQueue.removeSourceEvents(Ljava/lang/Object;Z)V @ 99 c2
Event: 12707.616 Thread 0x00000225e7f64000 Uncommon trap: reason=unstable_if action=reinterpret pc=0x00000225d88f7390 method=java.awt.EventQueue.removeSourceEvents(Ljava/lang/Object;Z)V @ 66 c2
Event: 12707.751 Thread 0x00000225e7f64000 Uncommon trap: reason=class_check action=maybe_recompile pc=0x00000225d83fcaec method=java.lang.Throwable.<init>()V @ 24 c2
Event: 12707.819 Thread 0x00000225e7f64000 Uncommon trap: reason=class_check action=maybe_recompile pc=0x00000225d933ef54 method=java.awt.DefaultKeyboardFocusManager.dispatchEvent(Ljava/awt/AWTEvent;)Z @ 126 c2

Classes redefined (0 events):
No events

Internal exceptions (10 events):
Event: 11946.909 Thread 0x00000225e7f64000 Exception <a 'de/concept/nlview/NlviewException'{0x000000070ace9680}> (0x000000070ace9680) thrown at [t:/workspace/hotspot/src/share/vm/prims/jni.cpp, line 604]
Event: 11946.909 Thread 0x00000225e7f64000 Exception <a 'de/concept/nlview/NlviewException'{0x000000070ace9f40}> (0x000000070ace9f40) thrown at [t:/workspace/hotspot/src/share/vm/prims/jni.cpp, line 604]
Event: 11946.909 Thread 0x00000225e7f64000 Exception <a 'de/concept/nlview/NlviewException'{0x000000070acea4c8}> (0x000000070acea4c8) thrown at [t:/workspace/hotspot/src/share/vm/prims/jni.cpp, line 604]
Event: 11964.526 Thread 0x00000225e7f64000 Implicit null exception at 0x00000225d8adce55 to 0x00000225d8ae05a5
Event: 11964.532 Thread 0x00000225e7f64000 Implicit null exception at 0x00000225d901db4d to 0x00000225d901f001
Event: 12679.099 Thread 0x00000225c9168800 Exception <a 'java/lang/NoSuchMethodError'{0x00000007110122d8}: java.lang.invoke.DirectMethodHandle$Holder.invokeSpecial(Ljava/lang/Object;Ljava/lang/Object;IILjava/lang/Object;JJ)Ljava/lang/Object;> (0x00000007110122d8) thrown at [t:/workspace/hotspot/sr
Event: 12679.100 Thread 0x00000225c9168800 Exception <a 'java/lang/NoSuchMethodError'{0x0000000711016300}: java.lang.invoke.DelegatingMethodHandle$Holder.reinvoke_L(Ljava/lang/Object;IILjava/lang/Object;JJ)Ljava/lang/Object;> (0x0000000711016300) thrown at [t:/workspace/hotspot/src/share/vm/interp
Event: 12679.102 Thread 0x00000225c9168800 Exception <a 'java/lang/NoSuchMethodError'{0x0000000711037b38}: method resolution failed> (0x0000000711037b38) thrown at [t:/workspace/hotspot/src/share/vm/prims/methodHandles.cpp, line 1256]
Event: 12707.752 Thread 0x00000225e7f64000 Exception <a 'sun/nio/fs/WindowsException'{0x000000070ffc59c8}> (0x000000070ffc59c8) thrown at [t:/workspace/hotspot/src/share/vm/prims/jni.cpp, line 604]
Event: 12707.752 Thread 0x00000225e7f64000 Exception <a 'sun/nio/fs/WindowsException'{0x000000070ffc5cf0}> (0x000000070ffc5cf0) thrown at [t:/workspace/hotspot/src/share/vm/prims/jni.cpp, line 604]

Events (10 events):
Event: 12707.751 Thread 0x00000225e7f64000 DEOPT UNPACKING pc=0x00000225d080df29 sp=0x0000004733afa7d0 mode 2
Event: 12707.752 loading class java/nio/file/NoSuchFileException
Event: 12707.754 loading class java/nio/file/FileSystemException
Event: 12707.755 loading class java/nio/file/FileSystemException done
Event: 12707.755 loading class java/nio/file/NoSuchFileException done
Event: 12707.819 Thread 0x00000225e7f64000 Uncommon trap: trap_request=0xffffffde fr.pc=0x00000225d933ef54 relative=0x00000000000063d4
Event: 12707.819 Thread 0x00000225e7f64000 DEOPT PACKING pc=0x00000225d933ef54 sp=0x0000004733af8010
Event: 12707.819 Thread 0x00000225e7f64000 DEOPT UNPACKING pc=0x00000225d080df29 sp=0x0000004733af7fd8 mode 2
Event: 12707.840 Executing VM operation: RevokeBias
Event: 12707.840 Executing VM operation: RevokeBias done


Dynamic libraries:
0x00007ff7cb270000 - 0x00007ff7cb2a0000 	D:\Xilinx\Vivado\2019.1\bin\unwrapped\win64.o\vivado.exe
0x00007fffd8d30000 - 0x00007fffd8f25000 	C:\WINDOWS\SYSTEM32\ntdll.dll
0x00007fffd8c30000 - 0x00007fffd8cee000 	C:\WINDOWS\System32\KERNEL32.DLL
0x00007fffd6820000 - 0x00007fffd6ae8000 	C:\WINDOWS\System32\KERNELBASE.dll
0x00007fffd6640000 - 0x00007fffd6740000 	C:\WINDOWS\System32\ucrtbase.dll
0x00007fffb1890000 - 0x00007fffb191d000 	C:\WINDOWS\SYSTEM32\MSVCP140.dll
0x00007fff45d30000 - 0x00007fff46c12000 	D:\Xilinx\Vivado\2019.1\lib\win64.o\librdi_common.dll
0x00007fffc0b40000 - 0x00007fffc0b54000 	D:\Xilinx\Vivado\2019.1\lib\win64.o\libboost_signals.dll
0x00007fffc12c0000 - 0x00007fffc12d4000 	D:\Xilinx\Vivado\2019.1\lib\win64.o\librdi_commonmain.dll
0x00007fffb8ee0000 - 0x00007fffb8efb000 	C:\WINDOWS\SYSTEM32\VCRUNTIME140.dll
0x00007fffd7e00000 - 0x00007fffd7fa1000 	C:\WINDOWS\System32\USER32.dll
0x00007fffd6b90000 - 0x00007fffd6bb2000 	C:\WINDOWS\System32\win32u.dll
0x00007fffd8150000 - 0x00007fffd817b000 	C:\WINDOWS\System32\GDI32.dll
0x00007fffd6450000 - 0x00007fffd655b000 	C:\WINDOWS\System32\gdi32full.dll
0x00007fffd6af0000 - 0x00007fffd6b8d000 	C:\WINDOWS\System32\msvcp_win.dll
0x00007fffd8950000 - 0x00007fffd89fc000 	C:\WINDOWS\System32\ADVAPI32.dll
0x00007fffd7d50000 - 0x00007fffd7dee000 	C:\WINDOWS\System32\msvcrt.dll
0x00007fffb1880000 - 0x00007fffb188c000 	C:\WINDOWS\SYSTEM32\VCRUNTIME140_1.dll
0x00007fffd8a00000 - 0x00007fffd8a9b000 	C:\WINDOWS\System32\sechost.dll
0x00007fffd8020000 - 0x00007fffd814a000 	C:\WINDOWS\System32\RPCRT4.dll
0x00007fff5bd30000 - 0x00007fff5c09e000 	D:\Xilinx\Vivado\2019.1\lib\win64.o\libCOIN-all.dll
0x00007fffd73a0000 - 0x00007fffd7adf000 	C:\WINDOWS\System32\SHELL32.dll
0x00007fffc0980000 - 0x00007fffc0994000 	D:\Xilinx\Vivado\2019.1\lib\win64.o\libboost_date_time.dll
0x00007fffc09a0000 - 0x00007fffc09c6000 	D:\Xilinx\Vivado\2019.1\lib\win64.o\libboost_filesystem.dll
0x00007fffabbe0000 - 0x00007fffabc5f000 	D:\Xilinx\Vivado\2019.1\lib\win64.o\libboost_program_options.dll
0x00007fff643d0000 - 0x00007fff644e4000 	D:\Xilinx\Vivado\2019.1\lib\win64.o\libboost_regex.dll
0x00007fffc0b30000 - 0x00007fffc0b3b000 	D:\Xilinx\Vivado\2019.1\lib\win64.o\libboost_system.dll
0x00007fffc0580000 - 0x00007fffc05a1000 	D:\Xilinx\Vivado\2019.1\lib\win64.o\libboost_thread.dll
0x00007fffab890000 - 0x00007fffab912000 	D:\Xilinx\Vivado\2019.1\lib\win64.o\libhdlpsolve.dll
0x00007fffc2680000 - 0x00007fffc268a000 	D:\Xilinx\Vivado\2019.1\lib\win64.o\librdi_commonversion.dll
0x00007fffc0b20000 - 0x00007fffc0b2f000 	D:\Xilinx\Vivado\2019.1\lib\win64.o\libboost_xilinx.dll
0x00007fff64250000 - 0x00007fff642f5000 	D:\Xilinx\Vivado\2019.1\lib\win64.o\libhdxml.dll
0x0000000057080000 - 0x00000000571ab000 	D:\Xilinx\Vivado\2019.1\lib\win64.o\tcl85t.dll
0x00007fff644f0000 - 0x00007fff64611000 	D:\Xilinx\Vivado\2019.1\lib\win64.o\librdi_commonxillic.dll
0x00007fffd8bc0000 - 0x00007fffd8c2b000 	C:\WINDOWS\System32\WS2_32.dll
0x00007fff45180000 - 0x00007fff45d2f400 	D:\Xilinx\Vivado\2019.1\lib\win64.o\libisl_iostreams.dll
0x00007fffbf740000 - 0x00007fffbf76e000 	D:\Xilinx\Vivado\2019.1\lib\win64.o\libisl_sysinfo.dll
0x00007fffc0560000 - 0x00007fffc057a000 	D:\Xilinx\Vivado\2019.1\lib\win64.o\pthreadVC2.dll
0x00007fffbc2f0000 - 0x00007fffbc355000 	D:\Xilinx\Vivado\2019.1\lib\win64.o\liblmx6.0.dll
0x00007fffc01f0000 - 0x00007fffc020c000 	D:\Xilinx\Vivado\2019.1\lib\win64.o\librdiconfig.dll
0x00007fffbf2b0000 - 0x00007fffbf2d1000 	D:\Xilinx\Vivado\2019.1\lib\win64.o\librdizlib.dll
0x0000000012000000 - 0x0000000012270000 	D:\Xilinx\Vivado\2019.1\lib\win64.o\xerces-c_3_1.dll
0x00007fffbbb90000 - 0x00007fffbbba8000 	C:\WINDOWS\SYSTEM32\NETAPI32.dll
0x00007fffb9e00000 - 0x00007fffba2d8000 	C:\WINDOWS\SYSTEM32\WININET.dll
0x00007fffcd320000 - 0x00007fffcd42c000 	C:\WINDOWS\SYSTEM32\WINHTTP.dll
0x00007fffbca60000 - 0x00007fffbcc4b000 	C:\WINDOWS\SYSTEM32\urlmon.dll
0x00007fffa1830000 - 0x00007fffa1839000 	C:\WINDOWS\SYSTEM32\WSOCK32.dll
0x00007fffaedf0000 - 0x00007fffaee21000 	C:\WINDOWS\SYSTEM32\VCOMP140.DLL
0x00007fff442e0000 - 0x00007fff45171000 	D:\Xilinx\Vivado\2019.1\lib\win64.o\gurobi65.dll
0x00007fffbf2a0000 - 0x00007fffbf2ad000 	D:\Xilinx\Vivado\2019.1\lib\win64.o\libboost_chrono.dll
0x00007fff5a920000 - 0x00007fff5abf8000 	D:\Xilinx\Vivado\2019.1\lib\win64.o\libXil_lmgr11.dll
0x00007fffd7c70000 - 0x00007fffd7d4a000 	C:\WINDOWS\System32\COMDLG32.dll
0x00007fffd8290000 - 0x00007fffd85e5000 	C:\WINDOWS\System32\combase.dll
0x00007fffbc7b0000 - 0x00007fffbc7cb000 	D:\Xilinx\Vivado\2019.1\lib\win64.o\libboost_iostreams.dll
0x00007fffd86f0000 - 0x00007fffd879d000 	C:\WINDOWS\System32\shcore.dll
0x00007fffd7fb0000 - 0x00007fffd8005000 	C:\WINDOWS\System32\SHLWAPI.dll
0x00007fffb1480000 - 0x00007fffb14a5000 	D:\Xilinx\Vivado\2019.1\lib\win64.o\libisl_iosutils.dll
0x00007fffd7ba0000 - 0x00007fffd7c6d000 	C:\WINDOWS\System32\OLEAUT32.dll
0x00007fffd6d90000 - 0x00007fffd6eba000 	C:\WINDOWS\System32\ole32.dll
0x00007fffd6d20000 - 0x00007fffd6d80000 	C:\WINDOWS\System32\WINTRUST.dll
0x00007fffd6bc0000 - 0x00007fffd6d16000 	C:\WINDOWS\System32\CRYPT32.dll
0x00007fffbca30000 - 0x00007fffbca58000 	C:\WINDOWS\SYSTEM32\srvcli.dll
0x00007fffd5940000 - 0x00007fffd594c000 	C:\WINDOWS\SYSTEM32\netutils.dll
0x00007fffc27b0000 - 0x00007fffc2a60000 	C:\WINDOWS\SYSTEM32\iertutil.dll
0x00007fffbb600000 - 0x00007fffbb6b0000 	C:\WINDOWS\WinSxS\amd64_microsoft.windows.common-controls_6595b64144ccf1df_5.82.19041.1110_none_792d1c772443f647\COMCTL32.dll
0x00007fffc5c50000 - 0x00007fffc5c6d000 	C:\WINDOWS\SYSTEM32\dhcpcsvc.DLL
0x00007fffd86c0000 - 0x00007fffd86f0000 	C:\WINDOWS\System32\IMM32.DLL
0x00007fffd5fc0000 - 0x00007fffd5fd2000 	C:\WINDOWS\SYSTEM32\MSASN1.dll
0x00007fffd4c60000 - 0x00007fffd4c72000 	C:\WINDOWS\SYSTEM32\kernel.appcore.dll
0x00007fff53cb0000 - 0x00007fff541c7000 	D:\Xilinx\Vivado\2019.1\lib\win64.o\librdi_commontasks.dll
0x00007fffd5ff0000 - 0x00007fffd5ffa000 	C:\WINDOWS\SYSTEM32\VERSION.dll
0x0000000054c30000 - 0x0000000055655000 	D:\Xilinx\Vivado\2019.1\tps\win64\jre9.0.4\bin\server\jvm.dll
0x00007fffd6d80000 - 0x00007fffd6d88000 	C:\WINDOWS\System32\PSAPI.DLL
0x00007fff57540000 - 0x00007fff577c6000 	D:\Xilinx\Vivado\2019.1\lib\win64.o\librdi_sio.dll
0x00007fffb14b0000 - 0x00007fffb159f000 	C:\WINDOWS\SYSTEM32\MSVCR120.dll
0x00007fffbb4c0000 - 0x00007fffbb4e7000 	C:\WINDOWS\SYSTEM32\WINMM.dll
0x00007fffd5830000 - 0x00007fffd586b000 	C:\WINDOWS\SYSTEM32\IPHLPAPI.DLL
0x00007fffd5b90000 - 0x00007fffd5bfa000 	C:\WINDOWS\SYSTEM32\MSWSOCK.DLL
0x00007fffd4100000 - 0x00007fffd4890000 	C:\WINDOWS\SYSTEM32\windows.storage.dll
0x00007fffd5e30000 - 0x00007fffd5e5e000 	C:\WINDOWS\SYSTEM32\Wldp.dll
0x00007fff41740000 - 0x00007fff43bfc000 	D:\Xilinx\Vivado\2019.1\lib\win64.o\librdi_tcltasks.dll
0x00007fff43ed0000 - 0x00007fff442d8000 	D:\Xilinx\Vivado\2019.1\lib\win64.o\librdi_bitstream.dll
0x00007fff5b980000 - 0x00007fff5bb11000 	D:\Xilinx\Vivado\2019.1\lib\win64.o\librdi_board.dll
0x00007fff5c270000 - 0x00007fff5c35b000 	D:\Xilinx\Vivado\2019.1\lib\win64.o\librdi_chipscope.dll
0x00007fffab1b0000 - 0x00007fffab228000 	D:\Xilinx\Vivado\2019.1\lib\win64.o\librdi_boarddep.dll
0x00007fff57380000 - 0x00007fff5753d000 	D:\Xilinx\Vivado\2019.1\lib\win64.o\librdi_chipscopeimpl.dll
0x00007fff3fd50000 - 0x00007fff4173a000 	D:\Xilinx\Vivado\2019.1\lib\win64.o\librdi_constraints.dll
0x00007fff3de90000 - 0x00007fff3fd41000 	D:\Xilinx\Vivado\2019.1\lib\win64.o\librdi_coregen.dll
0x00007fff570c0000 - 0x00007fff57216000 	D:\Xilinx\Vivado\2019.1\lib\win64.o\librdi_containers.dll
0x00007fff3d7b0000 - 0x00007fff3de8a000 	D:\Xilinx\Vivado\2019.1\lib\win64.o\librdi_coregenipxact.dll
0x00007fff23e50000 - 0x00007fff3627c000 	D:\Xilinx\Vivado\2019.1\lib\win64.o\librdi_device.dll
0x00007fff55960000 - 0x00007fff55c7e000 	D:\Xilinx\Vivado\2019.1\lib\win64.o\librdi_dlyest.dll
0x00007fff36280000 - 0x00007fff3a2c3000 	D:\Xilinx\Vivado\2019.1\lib\win64.o\librdi_designutils.dll
0x00007fff3d210000 - 0x00007fff3d7aa000 	D:\Xilinx\Vivado\2019.1\lib\win64.o\librdi_drc.dll
0x00007fff5bc60000 - 0x00007fff5bd24000 	D:\Xilinx\Vivado\2019.1\lib\win64.o\librdi_dsp.dll
0x00007fff3cbc0000 - 0x00007fff3d20d000 	D:\Xilinx\Vivado\2019.1\lib\win64.o\librdi_filemgmt.dll
0x00007fffacf20000 - 0x00007fffacf85000 	D:\Xilinx\Vivado\2019.1\lib\win64.o\librdi_hdf.dll
0x00007fff46d70000 - 0x00007fff47053000 	D:\Xilinx\Vivado\2019.1\lib\win64.o\librdi_guitools.dll
0x00007fff3b600000 - 0x00007fff3cbc0000 	D:\Xilinx\Vivado\2019.1\lib\win64.o\librdi_implflow.dll
0x00007fffa17b0000 - 0x00007fffa1823000 	D:\Xilinx\Vivado\2019.1\lib\win64.o\librdi_memoryarray.dll
0x00007fff3afe0000 - 0x00007fff3b5f5000 	D:\Xilinx\Vivado\2019.1\lib\win64.o\librdi_memdata.dll
0x00007fff21160000 - 0x00007fff23e46000 	D:\Xilinx\Vivado\2019.1\lib\win64.o\librdi_mig.dll
0x00007fff3a930000 - 0x00007fff3afd2000 	D:\Xilinx\Vivado\2019.1\lib\win64.o\librdi_netlist.dll
0x00007fffaf160000 - 0x00007fffaf1ab000 	D:\Xilinx\Vivado\2019.1\lib\win64.o\librdi_pfi.dll
0x00007fff3a620000 - 0x00007fff3a92f000 	D:\Xilinx\Vivado\2019.1\lib\win64.o\librdi_platform.dll
0x00007fff1eae0000 - 0x00007fff21156000 	D:\Xilinx\Vivado\2019.1\lib\win64.o\librdi_place.dll
0x00007fff1e390000 - 0x00007fff1eada000 	D:\Xilinx\Vivado\2019.1\lib\win64.o\librdi_power.dll
0x00007fff1de10000 - 0x00007fff1e38f000 	D:\Xilinx\Vivado\2019.1\lib\win64.o\librdi_project.dll
0x00007fff1d700000 - 0x00007fff1de09000 	D:\Xilinx\Vivado\2019.1\lib\win64.o\librdi_psta.dll
0x00007fff1cff0000 - 0x00007fff1d6f6000 	D:\Xilinx\Vivado\2019.1\lib\win64.o\librdi_rsb.dll
0x00007fff1cbf0000 - 0x00007fff1cfe1000 	D:\Xilinx\Vivado\2019.1\lib\win64.o\librdi_runs.dll
0x00007fff56fc0000 - 0x00007fff570ba000 	D:\Xilinx\Vivado\2019.1\lib\win64.o\librdi_runsbase.dll
0x00007fff56910000 - 0x00007fff56b66000 	D:\Xilinx\Vivado\2019.1\lib\win64.o\librdi_simdata.dll
0x00007fff1bdd0000 - 0x00007fff1cbe1000 	D:\Xilinx\Vivado\2019.1\lib\win64.o\librdi_timing.dll
0x00007fff56c00000 - 0x00007fff56d72000 	D:\Xilinx\Vivado\2019.1\lib\win64.o\librdi_advchipscopeimpl.dll
0x00007fffabb90000 - 0x00007fffabbdc000 	D:\Xilinx\Vivado\2019.1\lib\win64.o\libboost_serialization.dll
0x00007fff53b10000 - 0x00007fff53caf000 	D:\Xilinx\Vivado\2019.1\lib\win64.o\librdi_hip_devdesign.dll
0x00007fff56ef0000 - 0x00007fff56fb2000 	D:\Xilinx\Vivado\2019.1\lib\win64.o\librdi_ipconfig_readwrite.dll
0x00007fff73d00000 - 0x00007fff73d43000 	D:\Xilinx\Vivado\2019.1\lib\win64.o\librdi_noc_frameworks.dll
0x00007fff1b280000 - 0x00007fff1bdc7000 	D:\Xilinx\Vivado\2019.1\lib\win64.o\libverific.dll
0x00007fff6a870000 - 0x00007fff6a90e000 	D:\Xilinx\Vivado\2019.1\lib\win64.o\libise.dll
0x00007fff1ae90000 - 0x00007fff1b275000 	D:\Xilinx\Vivado\2019.1\lib\win64.o\librdi_hip_config.dll
0x00007fff1a940000 - 0x00007fff1ae8e000 	D:\Xilinx\Vivado\2019.1\lib\win64.o\librdi_xdm.dll
0x00007fff1a340000 - 0x00007fff1a93c000 	D:\Xilinx\Vivado\2019.1\lib\win64.o\librdi_wavedata.dll
0x00007fffa1880000 - 0x00007fffa18c0000 	D:\Xilinx\Vivado\2019.1\lib\win64.o\librdi_wavedata_SimpleApi.dll
0x00007fff191b0000 - 0x00007fff1a33d000 	D:\Xilinx\Vivado\2019.1\lib\win64.o\librdi_route.dll
0x00007fff73ac0000 - 0x00007fff73aff000 	D:\Xilinx\Vivado\2019.1\lib\win64.o\librdi_schedmon.dll
0x00007fff171e0000 - 0x00007fff191ad000 	D:\Xilinx\Vivado\2019.1\lib\win64.o\librdi_synth.dll

VM Arguments:
jvm_args: -Dsun.java2d.pmoffscreen=false -Dsun.java2d.xrender=false -Dsun.java2d.d3d=false -Dsun.awt.nopixfmt=true -Dsun.java2d.dpiaware=true -Dsun.java2d.uiScale.enabled=false -Xverify:none -Dswing.aatext=true -XX:-UsePerfData -Djdk.map.althashing.threshold=512 -XX:StringTableSize=4072 --add-opens=java.base/java.nio=ALL-UNNAMED --add-opens=java.desktop/sun.swing=ALL-UNNAMED --add-opens=java.desktop/javax.swing=ALL-UNNAMED --add-opens=java.desktop/javax.swing.tree=ALL-UNNAMED --add-opens=java.desktop/javax.swing.plaf.basic=ALL-UNNAMED --add-opens=java.desktop/javax.swing.plaf.synth=ALL-UNNAMED --add-opens=java.desktop/com.sun.awt=ALL-UNNAMED -XX:NewSize=60m -XX:MaxNewSize=60m -Xms128m -Xmx3072m -Xss5m 
java_command: <unknown>
java_class_path (initial): D:/Xilinx/Vivado/2019.1\lib\classes\alloy.jar;D:/Xilinx/Vivado/2019.1\lib\classes\autopilot.scelaborator.jar;D:/Xilinx/Vivado/2019.1\lib\classes\autopilot.sourceprocessor.jar;D:/Xilinx/Vivado/2019.1\lib\classes\autopilot.tbprocessor.jar;D:/Xilinx/Vivado/2019.1\lib\classes\batik-anim.jar;D:/Xilinx/Vivado/2019.1\lib\classes\batik-awt-util.jar;D:/Xilinx/Vivado/2019.1\lib\classes\batik-bridge.jar;D:/Xilinx/Vivado/2019.1\lib\classes\batik-codec.jar;D:/Xilinx/Vivado/2019.1\lib\classes\batik-css.jar;D:/Xilinx/Vivado/2019.1\lib\classes\batik-dom.jar;D:/Xilinx/Vivado/2019.1\lib\classes\batik-ext.jar;D:/Xilinx/Vivado/2019.1\lib\classes\batik-gui-util.jar;D:/Xilinx/Vivado/2019.1\lib\classes\batik-gvt.jar;D:/Xilinx/Vivado/2019.1\lib\classes\batik-parser.jar;D:/Xilinx/Vivado/2019.1\lib\classes\batik-script.jar;D:/Xilinx/Vivado/2019.1\lib\classes\batik-svg-dom.jar;D:/Xilinx/Vivado/2019.1\lib\classes\batik-swing.jar;D:/Xilinx/Vivado/2019.1\lib\classes\batik-transcoder.jar;D:/Xilinx/Vivado/2019.1\lib\classes\batik-util.jar;D:/Xilinx/Vivado/2019.1\lib\classes\batik-xml.jar;D:/Xilinx/Vivado/2019.1\lib\classes\com.google.gson_2.7.0.v20170129-0911.jar;D:/Xilinx/Vivado/2019.1\lib\classes\com.google.guava_21.0.0.v20170206-1425.jar;D:/Xilinx/Vivado/2019.1\lib\classes\com.google.inject_3.0.0.v201605172100.jar;D:/Xilinx/Vivado/2019.1\lib\classes\com.ibm.icu_4.4.2.v20110208.jar;D:/Xilinx/Vivado/2019.1\lib\classes\com.sigasi.hdt.annotations.runtime_4.3.0.201903071210.jar;D:/Xilinx/Vivado/2019.1\lib\classes\com.sigasi.hdt.blockdiagram.model_4.3.0.201903071210.jar;D:/Xilinx/Vivado/2019.1\lib\classes\com.sigasi.hdt.connection_4.3.0.201903071210.jar;D:/Xilinx/Vivado/2019.1\lib\classes\com.sigasi.hdt.dependencies.model_4.3.0.201903071210.jar;D:/Xilinx/Vivado/2019.1\lib\classes\com.sigasi.hdt.epl_4.3.0.201903071210.jar;D:/Xilinx/Vivado/2019.1\lib\classes\com.sigasi.hdt.graphics.model_4.3.0.201903071210.jar;D:/Xilinx/Vivado/2019.1\lib\classes\com.sigasi.hdt.project_4.3.0
Launcher Type: generic

Logging:
Log output configuration:
#0: stdout all=warning uptime,level,tags
#1: stderr all=off uptime,level,tags

Environment Variables:
PATH=D:/Xilinx/Vivado/2019.1/bin;D:/Xilinx/Vivado/2019.1/lib/win64.o;D:/Xilinx/Vivado/2019.1/tps/win64/jre9.0.4/bin/server;D:/Xilinx/Vivado/2019.1/tps/win64/jre9.0.4/bin;D:/Xilinx/Vivado/2019.1/ids_lite/ISE/bin/nt64;D:/Xilinx/Vivado/2019.1/ids_lite/ISE/lib/nt64;C:\Windows\system32;C:\Windows;C:\Windows\System32\Wbem;C:\Windows\System32\WindowsPowerShell\v1.0\;C:\Windows\System32\OpenSSH\;C:\Program Files (x86)\NVIDIA Corporation\PhysX\Common;C:\Program Files\NVIDIA Corporation\NVIDIA NvDLISR;C:\Program Files\Microsoft SQL Server\Client SDK\ODBC\110\Tools\Binn\;C:\Program Files (x86)\Microsoft SQL Server\120\Tools\Binn\;C:\Program Files\Microsoft SQL Server\120\Tools\Binn\;C:\Program Files\Microsoft SQL Server\120\DTS\Binn\;C:\Program Files (x86)\Windows Kits\8.1\Windows Performance Toolkit\;D:\Microsoft VS Code\bin;D:\web\mingw64\bin;C:\Program Files\dotnet\;C:\Program Files\Microsoft SQL Server\130\Tools\Binn\;C:\Program Files\Microsoft SQL Server\Client SDK\ODBC\170\Tools\Binn\;D:\Git\cmd;C:\Users\zhh\AppData\Local\Microsoft\WindowsApps;;%CLion%;C:\Users\zhh\.dotnet\tools;D:/Xilinx/Vivado/2019.1\tps\mingw\6.2.0\win64.o\nt\bin;D:/Xilinx/Vivado/2019.1\tps\mingw\6.2.0\win64.o\nt\libexec\gcc\x86_64-w64-mingw32\6.2.0;D:/Xilinx/Vivado/2019.1\tps\win64\python-2.7.5;D:/Xilinx/Vivado/2019.1\tps\win64\python-2.7.5\lib;D:/Xilinx/Vivado/2019.1\tps\win64\python-2.7.5\Lib\lib-tk;D:/Xilinx/Vivado/2019.1\tps\win64\python-2.7.5\lib\site-packages
USERNAME=zhh
OS=Windows_NT
PROCESSOR_IDENTIFIER=Intel64 Family 6 Model 142 Stepping 12, GenuineIntel



---------------  S Y S T E M  ---------------

OS: Windows 10 , 64 bit Build 19041 (10.0.19041.1348)

CPU:total 8 (initial active 8) (4 cores per cpu, 2 threads per core) family 6 model 142 stepping 12, cmov, cx8, fxsr, mmx, sse, sse2, sse3, ssse3, sse4.1, sse4.2, popcnt, avx, avx2, aes, clmul, erms, 3dnowpref, lzcnt, ht, tsc, tscinvbit, bmi1, bmi2, adx, fma

Memory: 4k page, physical 8167684k(1572660k free), swap 22898872k(9543832k free)

vm_info: Java HotSpot(TM) 64-Bit Server VM (9.0.4+11) for windows-amd64 JRE (9.0.4+11), built on Dec 20 2017 02:18:54 by "mach5one" with MS VC++ 12.0 (VS2013)

END.
