#-----------------------------------------------------------
# Vivado v2019.1 (64-bit)
# SW Build 2552052 on Fri May 24 14:49:42 MDT 2019
# IP Build 2548770 on Fri May 24 18:01:18 MDT 2019
# Start of session at: Tue Dec  7 14:25:27 2021
# Process ID: 23932
# Current directory: D:/moshushiyan/lab6_2/labh6
# Command line: vivado.exe -gui_launcher_event rodinguilauncherevent24284 D:\moshushiyan\lab6_2\labh6\labh6.xpr
# Log file: D:/moshushiyan/lab6_2/labh6/vivado.log
# Journal file: D:/moshushiyan/lab6_2/labh6\vivado.jou
#-----------------------------------------------------------
start_gui
open_project D:/moshushiyan/lab6_2/labh6/labh6.xpr
INFO: [Project 1-313] Project file moved from 'D:/moshushiyan/labh6' since last save.
Scanning sources...
Finished scanning sources
INFO: [IP_Flow 19-234] Refreshing IP repositories
INFO: [IP_Flow 19-1704] No user IP repositories specified
INFO: [IP_Flow 19-2313] Loaded Vivado IP repository 'D:/Xilinx/Vivado/2019.1/data/ip'.
open_project: Time (s): cpu = 00:00:15 ; elapsed = 00:00:06 . Memory (MB): peak = 934.762 ; gain = 68.023
update_compile_order -fileset sources_1
WARNING: [IP_Flow 19-4067] Ignoring invalid widget type specified checkbox.Providing a default widget
WARNING: [IP_Flow 19-4067] Ignoring invalid widget type specified checkbox.Providing a default widget
INFO: [IP_Flow 19-3484] Absolute path of file 'd:/moshushiyan/lab6_2/labh6/labh6.srcs/sources_1/ip/coe_rom.coe' provided. It will be converted relative to IP Instance files '../../../../labh6.srcs/sources_1/ip/coe_rom.coe'
INFO: [IP_Flow 19-3484] Absolute path of file 'd:/moshushiyan/lab6_2/labh6/labh6.srcs/sources_1/ip/coe_rom.coe' provided. It will be converted relative to IP Instance files '../../../../labh6.srcs/sources_1/ip/coe_rom.coe'
create_ip -name blk_mem_gen -vendor xilinx.com -library ip -version 8.4 -module_name ROM -dir d:/moshushiyan/lab6_2/labh6/labh6.srcs/sources_1/ip
set_property -dict [list CONFIG.Component_Name {ROM} CONFIG.Memory_Type {Single_Port_ROM} CONFIG.Write_Width_A {12} CONFIG.Write_Depth_A {30000} CONFIG.Read_Width_A {12} CONFIG.Enable_A {Always_Enabled} CONFIG.Write_Width_B {12} CONFIG.Read_Width_B {12} CONFIG.Load_Init_File {true} CONFIG.Coe_File {d:/moshushiyan/lab6_2/labh6/labh6.srcs/sources_1/ip/coe_rom.coe} CONFIG.Port_A_Write_Rate {0}] [get_ips ROM]
WARNING: [Vivado 12-3523] Attempt to change 'Component_Name' from 'ROM' to 'ROM' is not allowed and is ignored.
INFO: [IP_Flow 19-3484] Absolute path of file 'd:/moshushiyan/lab6_2/labh6/labh6.srcs/sources_1/ip/coe_rom.coe' provided. It will be converted relative to IP Instance files '../coe_rom.coe'
generate_target {instantiation_template} [get_files d:/moshushiyan/lab6_2/labh6/labh6.srcs/sources_1/ip/ROM/ROM.xci]
INFO: [IP_Flow 19-1686] Generating 'Instantiation Template' target for IP 'ROM'...
generate_target all [get_files  d:/moshushiyan/lab6_2/labh6/labh6.srcs/sources_1/ip/ROM/ROM.xci]
INFO: [IP_Flow 19-1686] Generating 'Synthesis' target for IP 'ROM'...
INFO: [IP_Flow 19-1686] Generating 'Simulation' target for IP 'ROM'...
INFO: [IP_Flow 19-1686] Generating 'Miscellaneous' target for IP 'ROM'...
INFO: [IP_Flow 19-1686] Generating 'Change Log' target for IP 'ROM'...
catch { config_ip_cache -export [get_ips -all ROM] }
export_ip_user_files -of_objects [get_files d:/moshushiyan/lab6_2/labh6/labh6.srcs/sources_1/ip/ROM/ROM.xci] -no_script -sync -force -quiet
create_ip_run [get_files -of_objects [get_fileset sources_1] d:/moshushiyan/lab6_2/labh6/labh6.srcs/sources_1/ip/ROM/ROM.xci]
launch_runs -jobs 4 ROM_synth_1
[Tue Dec  7 15:17:54 2021] Launched ROM_synth_1...
Run output will be captured here: D:/moshushiyan/lab6_2/labh6/labh6.runs/ROM_synth_1/runme.log
export_simulation -of_objects [get_files d:/moshushiyan/lab6_2/labh6/labh6.srcs/sources_1/ip/ROM/ROM.xci] -directory D:/moshushiyan/lab6_2/labh6/labh6.ip_user_files/sim_scripts -ip_user_files_dir D:/moshushiyan/lab6_2/labh6/labh6.ip_user_files -ipstatic_source_dir D:/moshushiyan/lab6_2/labh6/labh6.ip_user_files/ipstatic -lib_map_path [list {modelsim=D:/moshushiyan/lab6_2/labh6/labh6.cache/compile_simlib/modelsim} {questa=D:/moshushiyan/lab6_2/labh6/labh6.cache/compile_simlib/questa} {riviera=D:/moshushiyan/lab6_2/labh6/labh6.cache/compile_simlib/riviera} {activehdl=D:/moshushiyan/lab6_2/labh6/labh6.cache/compile_simlib/activehdl}] -use_ip_compiled_libs -force -quiet
WARNING: [IP_Flow 19-4067] Ignoring invalid widget type specified checkbox.Providing a default widget
WARNING: [IP_Flow 19-4067] Ignoring invalid widget type specified checkbox.Providing a default widget
close [ open D:/moshushiyan/lab6_2/labh6/labh6.srcs/sources_1/new/DIS.v w ]
add_files D:/moshushiyan/lab6_2/labh6/labh6.srcs/sources_1/new/DIS.v
update_compile_order -fileset sources_1
close [ open D:/moshushiyan/lab6_2/labh6/labh6.srcs/sources_1/new/fqp.v w ]
add_files D:/moshushiyan/lab6_2/labh6/labh6.srcs/sources_1/new/fqp.v
update_compile_order -fileset sources_1
close [ open D:/moshushiyan/lab6_2/labh6/labh6.srcs/sources_1/new/counter.v w ]
add_files D:/moshushiyan/lab6_2/labh6/labh6.srcs/sources_1/new/counter.v
update_compile_order -fileset sources_1
close [ open D:/moshushiyan/lab6_2/labh6/labh6.srcs/sources_1/new/decodercnt.v w ]
add_files D:/moshushiyan/lab6_2/labh6/labh6.srcs/sources_1/new/decodercnt.v
update_compile_order -fileset sources_1
close [ open D:/moshushiyan/lab6_2/labh6/labh6.srcs/sources_1/new/mux.v w ]
add_files D:/moshushiyan/lab6_2/labh6/labh6.srcs/sources_1/new/mux.v
update_compile_order -fileset sources_1
close [ open D:/moshushiyan/lab6_2/labh6/labh6.srcs/sources_1/new/decoder7.v w ]
add_files D:/moshushiyan/lab6_2/labh6/labh6.srcs/sources_1/new/decoder7.v
update_compile_order -fileset sources_1
WARNING: [IP_Flow 19-4067] Ignoring invalid widget type specified checkbox.Providing a default widget
WARNING: [IP_Flow 19-4067] Ignoring invalid widget type specified checkbox.Providing a default widget
INFO: [IP_Flow 19-3484] Absolute path of file 'd:/moshushiyan/lab6_2/labh6/labh6.srcs/sources_1/ip/coe.coe' provided. It will be converted relative to IP Instance files '../../../../labh6.srcs/sources_1/ip/coe.coe'
INFO: [IP_Flow 19-3484] Absolute path of file 'd:/moshushiyan/lab6_2/labh6/labh6.srcs/sources_1/ip/coe.coe' provided. It will be converted relative to IP Instance files '../../../../labh6.srcs/sources_1/ip/coe.coe'
INFO: [IP_Flow 19-3484] Absolute path of file 'd:/moshushiyan/lab6_2/labh6/labh6.srcs/sources_1/ip/coe.coe' provided. It will be converted relative to IP Instance files '../../../../labh6.srcs/sources_1/ip/coe.coe'
INFO: [IP_Flow 19-3484] Absolute path of file 'd:/moshushiyan/lab6_2/labh6/labh6.srcs/sources_1/ip/coe.coe' provided. It will be converted relative to IP Instance files '../../../../labh6.srcs/sources_1/ip/coe.coe'
INFO: [IP_Flow 19-3484] Absolute path of file 'd:/moshushiyan/lab6_2/labh6/labh6.srcs/sources_1/ip/coe.coe' provided. It will be converted relative to IP Instance files '../../../../labh6.srcs/sources_1/ip/coe.coe'
INFO: [IP_Flow 19-3484] Absolute path of file 'd:/moshushiyan/lab6_2/labh6/labh6.srcs/sources_1/ip/coe.coe' provided. It will be converted relative to IP Instance files '../../../../labh6.srcs/sources_1/ip/coe.coe'
INFO: [IP_Flow 19-3484] Absolute path of file 'd:/moshushiyan/lab6_2/labh6/labh6.srcs/sources_1/coe.coe' provided. It will be converted relative to IP Instance files '../../../../labh6.srcs/sources_1/coe.coe'
INFO: [IP_Flow 19-3484] Absolute path of file 'd:/moshushiyan/lab6_2/labh6/labh6.srcs/sources_1/coe.coe' provided. It will be converted relative to IP Instance files '../../../../labh6.srcs/sources_1/coe.coe'
