
*** Running vivado
    with args -log Print.vds -m64 -product Vivado -mode batch -messageDb vivado.pb -notrace -source Print.tcl


****** Vivado v2019.1 (64-bit)
  **** SW Build 2552052 on Fri May 24 14:49:42 MDT 2019
  **** IP Build 2548770 on Fri May 24 18:01:18 MDT 2019
    ** Copyright 1986-2019 Xilinx, Inc. All Rights Reserved.

source Print.tcl -notrace
Command: synth_design -top Print -part xc7a100tcsg324-1
Starting synth_design
Attempting to get a license for feature 'Synthesis' and/or device 'xc7a100t'
INFO: [Common 17-349] Got license for feature 'Synthesis' and/or device 'xc7a100t'
INFO: [Device 21-403] Loading part xc7a100tcsg324-1
INFO: Launching helper process for spawning children vivado processes
INFO: Helper process launched with PID 7336 
---------------------------------------------------------------------------------
Starting RTL Elaboration : Time (s): cpu = 00:00:03 ; elapsed = 00:00:04 . Memory (MB): peak = 701.129 ; gain = 177.430
---------------------------------------------------------------------------------
INFO: [Synth 8-6157] synthesizing module 'Print' [Y:/Programs/vivado_project/labh6_v2/labh6.srcs/sources_1/new/PNT_1.v:22]
INFO: [Synth 8-6157] synthesizing module 'DB' [Y:/Programs/vivado_project/labh6_v2/labh6.srcs/sources_1/new/DB.v:23]
INFO: [Synth 8-6155] done synthesizing module 'DB' (1#1) [Y:/Programs/vivado_project/labh6_v2/labh6.srcs/sources_1/new/DB.v:23]
INFO: [Synth 8-6157] synthesizing module 'PS' [Y:/Programs/vivado_project/labh6_v2/labh6.srcs/sources_1/new/PS.v:23]
INFO: [Synth 8-6157] synthesizing module 'trigger' [Y:/Programs/vivado_project/labh6_v2/labh6.srcs/sources_1/new/trigger.v:23]
INFO: [Synth 8-6155] done synthesizing module 'trigger' (2#1) [Y:/Programs/vivado_project/labh6_v2/labh6.srcs/sources_1/new/trigger.v:23]
INFO: [Synth 8-6155] done synthesizing module 'PS' (3#1) [Y:/Programs/vivado_project/labh6_v2/labh6.srcs/sources_1/new/PS.v:23]
INFO: [Synth 8-6157] synthesizing module 'clk50' [Y:/Programs/vivado_project/labh6_v2/labh6.runs/synth_1/.Xil/Vivado-7620-969E/realtime/clk50_stub.v:5]
INFO: [Synth 8-6155] done synthesizing module 'clk50' (4#1) [Y:/Programs/vivado_project/labh6_v2/labh6.runs/synth_1/.Xil/Vivado-7620-969E/realtime/clk50_stub.v:5]
WARNING: [Synth 8-7023] instance 'ip1' of module 'clk50' has 4 connections declared, but only 3 given [Y:/Programs/vivado_project/labh6_v2/labh6.srcs/sources_1/new/PNT_1.v:94]
INFO: [Synth 8-6157] synthesizing module 'ROM' [Y:/Programs/vivado_project/labh6_v2/labh6.runs/synth_1/.Xil/Vivado-7620-969E/realtime/ROM_stub.v:6]
INFO: [Synth 8-6155] done synthesizing module 'ROM' (5#1) [Y:/Programs/vivado_project/labh6_v2/labh6.runs/synth_1/.Xil/Vivado-7620-969E/realtime/ROM_stub.v:6]
INFO: [Synth 8-6157] synthesizing module 'VRAM' [Y:/Programs/vivado_project/labh6_v2/labh6.runs/synth_1/.Xil/Vivado-7620-969E/realtime/VRAM_stub.v:6]
INFO: [Synth 8-6155] done synthesizing module 'VRAM' (6#1) [Y:/Programs/vivado_project/labh6_v2/labh6.runs/synth_1/.Xil/Vivado-7620-969E/realtime/VRAM_stub.v:6]
INFO: [Synth 8-6157] synthesizing module 'DIS' [Y:/Programs/vivado_project/labh6_v2/labh6.srcs/sources_1/new/DIS.v:22]
INFO: [Synth 8-6157] synthesizing module 'fpq' [Y:/Programs/vivado_project/labh6_v2/labh6.srcs/sources_1/new/fqp.v:23]
	Parameter N bound to: 8000 - type: integer 
INFO: [Synth 8-6155] done synthesizing module 'fpq' (7#1) [Y:/Programs/vivado_project/labh6_v2/labh6.srcs/sources_1/new/fqp.v:23]
INFO: [Synth 8-6157] synthesizing module 'counter' [Y:/Programs/vivado_project/labh6_v2/labh6.srcs/sources_1/new/counter.v:25]
INFO: [Synth 8-6155] done synthesizing module 'counter' (8#1) [Y:/Programs/vivado_project/labh6_v2/labh6.srcs/sources_1/new/counter.v:25]
INFO: [Synth 8-6157] synthesizing module 'decodercnt' [Y:/Programs/vivado_project/labh6_v2/labh6.srcs/sources_1/new/decodercnt.v:22]
INFO: [Synth 8-6155] done synthesizing module 'decodercnt' (9#1) [Y:/Programs/vivado_project/labh6_v2/labh6.srcs/sources_1/new/decodercnt.v:22]
INFO: [Synth 8-6157] synthesizing module 'mux' [Y:/Programs/vivado_project/labh6_v2/labh6.srcs/sources_1/new/mux.v:22]
INFO: [Synth 8-6155] done synthesizing module 'mux' (10#1) [Y:/Programs/vivado_project/labh6_v2/labh6.srcs/sources_1/new/mux.v:22]
INFO: [Synth 8-6157] synthesizing module 'decoder7' [Y:/Programs/vivado_project/labh6_v2/labh6.srcs/sources_1/new/decoder7.v:23]
INFO: [Synth 8-226] default block is never used [Y:/Programs/vivado_project/labh6_v2/labh6.srcs/sources_1/new/decoder7.v:28]
INFO: [Synth 8-6155] done synthesizing module 'decoder7' (11#1) [Y:/Programs/vivado_project/labh6_v2/labh6.srcs/sources_1/new/decoder7.v:23]
INFO: [Synth 8-6155] done synthesizing module 'DIS' (12#1) [Y:/Programs/vivado_project/labh6_v2/labh6.srcs/sources_1/new/DIS.v:22]
INFO: [Synth 8-6157] synthesizing module 'VSD' [Y:/Programs/vivado_project/labh6_v2/labh6.srcs/sources_1/new/VDT.v:23]
	Parameter H_CNT bound to: 11'b10000001111 
	Parameter V_CNT bound to: 11'b01010011001 
INFO: [Synth 8-6155] done synthesizing module 'VSD' (13#1) [Y:/Programs/vivado_project/labh6_v2/labh6.srcs/sources_1/new/VDT.v:23]
INFO: [Synth 8-6157] synthesizing module 'PCU' [Y:/Programs/vivado_project/labh6_v2/labh6.srcs/sources_1/new/PCU.v:23]
INFO: [Synth 8-6155] done synthesizing module 'PCU' (14#1) [Y:/Programs/vivado_project/labh6_v2/labh6.srcs/sources_1/new/PCU.v:23]
INFO: [Synth 8-6157] synthesizing module 'SRA' [Y:/Programs/vivado_project/labh6_v2/labh6.srcs/sources_1/new/SRA.v:23]
INFO: [Synth 8-6155] done synthesizing module 'SRA' (15#1) [Y:/Programs/vivado_project/labh6_v2/labh6.srcs/sources_1/new/SRA.v:23]
INFO: [Synth 8-6155] done synthesizing module 'Print' (16#1) [Y:/Programs/vivado_project/labh6_v2/labh6.srcs/sources_1/new/PNT_1.v:22]
WARNING: [Synth 8-3331] design PCU has unconnected port direction[4]
---------------------------------------------------------------------------------
Finished RTL Elaboration : Time (s): cpu = 00:00:04 ; elapsed = 00:00:05 . Memory (MB): peak = 767.902 ; gain = 244.203
---------------------------------------------------------------------------------

Report Check Netlist: 
+------+------------------+-------+---------+-------+------------------+
|      |Item              |Errors |Warnings |Status |Description       |
+------+------------------+-------+---------+-------+------------------+
|1     |multi_driven_nets |      0|        0|Passed |Multi driven nets |
+------+------------------+-------+---------+-------+------------------+
---------------------------------------------------------------------------------
Start Handling Custom Attributes
---------------------------------------------------------------------------------
---------------------------------------------------------------------------------
Finished Handling Custom Attributes : Time (s): cpu = 00:00:05 ; elapsed = 00:00:05 . Memory (MB): peak = 767.902 ; gain = 244.203
---------------------------------------------------------------------------------
---------------------------------------------------------------------------------
Finished RTL Optimization Phase 1 : Time (s): cpu = 00:00:05 ; elapsed = 00:00:05 . Memory (MB): peak = 767.902 ; gain = 244.203
---------------------------------------------------------------------------------
INFO: [Project 1-570] Preparing netlist for logic optimization

Processing XDC Constraints
Initializing timing engine
Parsing XDC File [y:/Programs/vivado_project/labh6_v2/labh6.srcs/sources_1/ip/VRAM_1/VRAM/VRAM_in_context.xdc] for cell 'ip3'
Finished Parsing XDC File [y:/Programs/vivado_project/labh6_v2/labh6.srcs/sources_1/ip/VRAM_1/VRAM/VRAM_in_context.xdc] for cell 'ip3'
Parsing XDC File [y:/Programs/vivado_project/labh6_v2/labh6.srcs/sources_1/ip/clk50/clk50/clk50_in_context.xdc] for cell 'ip1'
Finished Parsing XDC File [y:/Programs/vivado_project/labh6_v2/labh6.srcs/sources_1/ip/clk50/clk50/clk50_in_context.xdc] for cell 'ip1'
Parsing XDC File [y:/Programs/vivado_project/labh6_v2/labh6.srcs/sources_1/ip/ROM/ROM/ROM_in_context.xdc] for cell 'ip2'
Finished Parsing XDC File [y:/Programs/vivado_project/labh6_v2/labh6.srcs/sources_1/ip/ROM/ROM/ROM_in_context.xdc] for cell 'ip2'
Parsing XDC File [Y:/Programs/vivado_project/labh6_v2/labh6.srcs/constrs_1/new/PNTS.xdc]
Finished Parsing XDC File [Y:/Programs/vivado_project/labh6_v2/labh6.srcs/constrs_1/new/PNTS.xdc]
INFO: [Project 1-236] Implementation specific constraints were found while reading constraint file [Y:/Programs/vivado_project/labh6_v2/labh6.srcs/constrs_1/new/PNTS.xdc]. These constraints will be ignored for synthesis but will be used in implementation. Impacted constraints are listed in the file [.Xil/Print_propImpl.xdc].
Resolution: To avoid this warning, move constraints listed in [.Xil/Print_propImpl.xdc] to another XDC file and exclude this new file from synthesis with the used_in_synthesis property (File Properties dialog in GUI) and re-run elaboration/synthesis.
Completed Processing XDC Constraints

Netlist sorting complete. Time (s): cpu = 00:00:00 ; elapsed = 00:00:00 . Memory (MB): peak = 896.086 ; gain = 0.000
INFO: [Project 1-111] Unisim Transformation Summary:
No Unisim elements were transformed.

Constraint Validation Runtime : Time (s): cpu = 00:00:00 ; elapsed = 00:00:00.010 . Memory (MB): peak = 896.086 ; gain = 0.000
WARNING: [Timing 38-316] Clock period '20.000' specified during out-of-context synthesis of instance 'ip2' at clock pin 'clka' is different from the actual clock period '10.000', this can lead to different synthesis results.
WARNING: [Timing 38-316] Clock period '20.000' specified during out-of-context synthesis of instance 'ip3' at clock pin 'clka' is different from the actual clock period '10.000', this can lead to different synthesis results.
---------------------------------------------------------------------------------
Finished Constraint Validation : Time (s): cpu = 00:00:11 ; elapsed = 00:00:12 . Memory (MB): peak = 898.098 ; gain = 374.398
---------------------------------------------------------------------------------
---------------------------------------------------------------------------------
Start Loading Part and Timing Information
---------------------------------------------------------------------------------
Loading part: xc7a100tcsg324-1
---------------------------------------------------------------------------------
Finished Loading Part and Timing Information : Time (s): cpu = 00:00:11 ; elapsed = 00:00:12 . Memory (MB): peak = 898.098 ; gain = 374.398
---------------------------------------------------------------------------------
---------------------------------------------------------------------------------
Start Applying 'set_property' XDC Constraints
---------------------------------------------------------------------------------
Applied set_property IO_BUFFER_TYPE = NONE for clk. (constraint file  y:/Programs/vivado_project/labh6_v2/labh6.srcs/sources_1/ip/clk50/clk50/clk50_in_context.xdc, line 3).
Applied set_property CLOCK_BUFFER_TYPE = NONE for clk. (constraint file  y:/Programs/vivado_project/labh6_v2/labh6.srcs/sources_1/ip/clk50/clk50/clk50_in_context.xdc, line 4).
Applied set_property DONT_TOUCH = true for ip3. (constraint file  auto generated constraint, line ).
Applied set_property DONT_TOUCH = true for ip1. (constraint file  auto generated constraint, line ).
Applied set_property DONT_TOUCH = true for ip2. (constraint file  auto generated constraint, line ).
---------------------------------------------------------------------------------
Finished applying 'set_property' XDC Constraints : Time (s): cpu = 00:00:11 ; elapsed = 00:00:12 . Memory (MB): peak = 898.098 ; gain = 374.398
---------------------------------------------------------------------------------
INFO: [Synth 8-5818] HDL ADVISOR - The operator resource <adder> is shared. To prevent sharing consider applying a KEEP on the output of the operator [Y:/Programs/vivado_project/labh6_v2/labh6.srcs/sources_1/new/PCU.v:53]
INFO: [Synth 8-5818] HDL ADVISOR - The operator resource <adder> is shared. To prevent sharing consider applying a KEEP on the output of the operator [Y:/Programs/vivado_project/labh6_v2/labh6.srcs/sources_1/new/PCU.v:43]
WARNING: [Synth 8-327] inferring latch for variable 'y_reg' [Y:/Programs/vivado_project/labh6_v2/labh6.srcs/sources_1/new/DB.v:43]
---------------------------------------------------------------------------------
Finished RTL Optimization Phase 2 : Time (s): cpu = 00:00:11 ; elapsed = 00:00:13 . Memory (MB): peak = 898.098 ; gain = 374.398
---------------------------------------------------------------------------------

Report RTL Partitions: 
+-+--------------+------------+----------+
| |RTL Partition |Replication |Instances |
+-+--------------+------------+----------+
+-+--------------+------------+----------+
---------------------------------------------------------------------------------
Start RTL Component Statistics 
---------------------------------------------------------------------------------
Detailed RTL Component Info : 
+---Adders : 
	   2 Input     32 Bit       Adders := 4     
	   2 Input     11 Bit       Adders := 2     
	   2 Input      9 Bit       Adders := 2     
	   2 Input      8 Bit       Adders := 2     
	   2 Input      2 Bit       Adders := 1     
+---Registers : 
	               11 Bit    Registers := 2     
	                8 Bit    Registers := 2     
	                2 Bit    Registers := 1     
	                1 Bit    Registers := 16    
+---Muxes : 
	   2 Input     12 Bit        Muxes := 3     
	   6 Input     12 Bit        Muxes := 1     
	   4 Input      8 Bit        Muxes := 1     
	   4 Input      4 Bit        Muxes := 1     
	   2 Input      2 Bit        Muxes := 2     
	   2 Input      1 Bit        Muxes := 14    
---------------------------------------------------------------------------------
Finished RTL Component Statistics 
---------------------------------------------------------------------------------
---------------------------------------------------------------------------------
Start RTL Hierarchical Component Statistics 
---------------------------------------------------------------------------------
Hierarchical RTL Component report 
Module DB 
Detailed RTL Component Info : 
+---Muxes : 
	   2 Input      1 Bit        Muxes := 2     
Module trigger 
Detailed RTL Component Info : 
+---Registers : 
	                1 Bit    Registers := 1     
Module counter 
Detailed RTL Component Info : 
+---Adders : 
	   2 Input      2 Bit       Adders := 1     
+---Registers : 
	                2 Bit    Registers := 1     
+---Muxes : 
	   2 Input      2 Bit        Muxes := 2     
	   2 Input      1 Bit        Muxes := 1     
Module decodercnt 
Detailed RTL Component Info : 
+---Muxes : 
	   4 Input      8 Bit        Muxes := 1     
Module mux 
Detailed RTL Component Info : 
+---Muxes : 
	   4 Input      4 Bit        Muxes := 1     
Module VSD 
Detailed RTL Component Info : 
+---Adders : 
	   2 Input     11 Bit       Adders := 2     
+---Registers : 
	               11 Bit    Registers := 2     
	                1 Bit    Registers := 4     
+---Muxes : 
	   2 Input     12 Bit        Muxes := 1     
	   2 Input      1 Bit        Muxes := 2     
Module PCU 
Detailed RTL Component Info : 
+---Adders : 
	   2 Input      8 Bit       Adders := 2     
+---Registers : 
	                8 Bit    Registers := 2     
+---Muxes : 
	   2 Input     12 Bit        Muxes := 2     
	   2 Input      1 Bit        Muxes := 3     
Module SRA 
Detailed RTL Component Info : 
+---Adders : 
	   2 Input     32 Bit       Adders := 4     
	   2 Input      9 Bit       Adders := 2     
+---Muxes : 
	   6 Input     12 Bit        Muxes := 1     
---------------------------------------------------------------------------------
Finished RTL Hierarchical Component Statistics
---------------------------------------------------------------------------------
---------------------------------------------------------------------------------
Start Part Resource Summary
---------------------------------------------------------------------------------
Part Resources:
DSPs: 240 (col length:80)
BRAMs: 270 (col length: RAMB18 80 RAMB36 40)
---------------------------------------------------------------------------------
Finished Part Resource Summary
---------------------------------------------------------------------------------
---------------------------------------------------------------------------------
Start Cross Boundary and Area Optimization
---------------------------------------------------------------------------------
Warning: Parallel synthesis criteria is not met 
DSP Report: Generating DSP d3/raddress, operation Mode is: C+A*(B:0xc8).
DSP Report: operator d3/raddress is absorbed into DSP d3/raddress.
DSP Report: operator d3/raddress0 is absorbed into DSP d3/raddress.
WARNING: [Synth 8-3917] design Print has port a[7] driven by constant 1
WARNING: [Synth 8-3917] design Print has port a[6] driven by constant 1
WARNING: [Synth 8-3917] design Print has port a[5] driven by constant 1
WARNING: [Synth 8-3917] design Print has port a[4] driven by constant 1
WARNING: [Synth 8-3917] design Print has port a[3] driven by constant 1
---------------------------------------------------------------------------------
Finished Cross Boundary and Area Optimization : Time (s): cpu = 00:00:15 ; elapsed = 00:00:16 . Memory (MB): peak = 898.098 ; gain = 374.398
---------------------------------------------------------------------------------
---------------------------------------------------------------------------------
Start ROM, RAM, DSP and Shift Register Reporting
---------------------------------------------------------------------------------

DSP: Preliminary Mapping  Report (see note below)
+------------+--------------+--------+--------+--------+--------+--------+------+------+------+------+-------+------+------+
|Module Name | DSP Mapping  | A Size | B Size | C Size | D Size | P Size | AREG | BREG | CREG | DREG | ADREG | MREG | PREG | 
+------------+--------------+--------+--------+--------+--------+--------+------+------+------+------+-------+------+------+
|SRA         | C+A*(B:0xc8) | 12     | 8      | 12     | -      | 15     | 0    | 0    | 0    | -    | -     | 0    | 0    | 
+------------+--------------+--------+--------+--------+--------+--------+------+------+------+------+-------+------+------+

Note: The table above is a preliminary report that shows the DSPs inferred at the current stage of the synthesis flow. Some DSP may be reimplemented as non DSP primitives later in the synthesis flow. Multiple instantiated DSPs are reported only once.
---------------------------------------------------------------------------------
Finished ROM, RAM, DSP and Shift Register Reporting
---------------------------------------------------------------------------------

Report RTL Partitions: 
+-+--------------+------------+----------+
| |RTL Partition |Replication |Instances |
+-+--------------+------------+----------+
+-+--------------+------------+----------+
---------------------------------------------------------------------------------
Start Applying XDC Timing Constraints
---------------------------------------------------------------------------------
INFO: [Synth 8-5578] Moved timing constraint from pin 'ip1/clk_out1' to pin 'ip1/bbstub_clk_out1/O'
INFO: [Synth 8-5819] Moved 1 constraints on hierarchical pins to their respective driving/loading pins
---------------------------------------------------------------------------------
Finished Applying XDC Timing Constraints : Time (s): cpu = 00:00:27 ; elapsed = 00:00:29 . Memory (MB): peak = 908.535 ; gain = 384.836
---------------------------------------------------------------------------------
---------------------------------------------------------------------------------
Start Timing Optimization
---------------------------------------------------------------------------------
---------------------------------------------------------------------------------
Finished Timing Optimization : Time (s): cpu = 00:00:29 ; elapsed = 00:00:31 . Memory (MB): peak = 947.004 ; gain = 423.305
---------------------------------------------------------------------------------

Report RTL Partitions: 
+-+--------------+------------+----------+
| |RTL Partition |Replication |Instances |
+-+--------------+------------+----------+
+-+--------------+------------+----------+
---------------------------------------------------------------------------------
Start Technology Mapping
---------------------------------------------------------------------------------
---------------------------------------------------------------------------------
Finished Technology Mapping : Time (s): cpu = 00:00:29 ; elapsed = 00:00:31 . Memory (MB): peak = 955.301 ; gain = 431.602
---------------------------------------------------------------------------------

Report RTL Partitions: 
+-+--------------+------------+----------+
| |RTL Partition |Replication |Instances |
+-+--------------+------------+----------+
+-+--------------+------------+----------+
---------------------------------------------------------------------------------
Start IO Insertion
---------------------------------------------------------------------------------
---------------------------------------------------------------------------------
Start Flattening Before IO Insertion
---------------------------------------------------------------------------------
---------------------------------------------------------------------------------
Finished Flattening Before IO Insertion
---------------------------------------------------------------------------------
---------------------------------------------------------------------------------
Start Final Netlist Cleanup
---------------------------------------------------------------------------------
---------------------------------------------------------------------------------
Finished Final Netlist Cleanup
---------------------------------------------------------------------------------
---------------------------------------------------------------------------------
Finished IO Insertion : Time (s): cpu = 00:00:32 ; elapsed = 00:00:33 . Memory (MB): peak = 960.109 ; gain = 436.410
---------------------------------------------------------------------------------

Report Check Netlist: 
+------+------------------+-------+---------+-------+------------------+
|      |Item              |Errors |Warnings |Status |Description       |
+------+------------------+-------+---------+-------+------------------+
|1     |multi_driven_nets |      0|        0|Passed |Multi driven nets |
+------+------------------+-------+---------+-------+------------------+
---------------------------------------------------------------------------------
Start Renaming Generated Instances
---------------------------------------------------------------------------------
---------------------------------------------------------------------------------
Finished Renaming Generated Instances : Time (s): cpu = 00:00:32 ; elapsed = 00:00:33 . Memory (MB): peak = 960.109 ; gain = 436.410
---------------------------------------------------------------------------------

Report RTL Partitions: 
+-+--------------+------------+----------+
| |RTL Partition |Replication |Instances |
+-+--------------+------------+----------+
+-+--------------+------------+----------+
---------------------------------------------------------------------------------
Start Rebuilding User Hierarchy
---------------------------------------------------------------------------------
---------------------------------------------------------------------------------
Finished Rebuilding User Hierarchy : Time (s): cpu = 00:00:32 ; elapsed = 00:00:33 . Memory (MB): peak = 960.109 ; gain = 436.410
---------------------------------------------------------------------------------
---------------------------------------------------------------------------------
Start Renaming Generated Ports
---------------------------------------------------------------------------------
---------------------------------------------------------------------------------
Finished Renaming Generated Ports : Time (s): cpu = 00:00:32 ; elapsed = 00:00:33 . Memory (MB): peak = 960.109 ; gain = 436.410
---------------------------------------------------------------------------------
---------------------------------------------------------------------------------
Start Handling Custom Attributes
---------------------------------------------------------------------------------
---------------------------------------------------------------------------------
Finished Handling Custom Attributes : Time (s): cpu = 00:00:32 ; elapsed = 00:00:33 . Memory (MB): peak = 960.109 ; gain = 436.410
---------------------------------------------------------------------------------
---------------------------------------------------------------------------------
Start Renaming Generated Nets
---------------------------------------------------------------------------------
---------------------------------------------------------------------------------
Finished Renaming Generated Nets : Time (s): cpu = 00:00:32 ; elapsed = 00:00:33 . Memory (MB): peak = 960.109 ; gain = 436.410
---------------------------------------------------------------------------------
---------------------------------------------------------------------------------
Start Writing Synthesis Report
---------------------------------------------------------------------------------

Report BlackBoxes: 
+------+--------------+----------+
|      |BlackBox name |Instances |
+------+--------------+----------+
|1     |clk50         |         1|
|2     |ROM           |         1|
|3     |VRAM          |         1|
+------+--------------+----------+

Report Cell Usage: 
+------+--------+------+
|      |Cell    |Count |
+------+--------+------+
|1     |ROM     |     1|
|2     |VRAM    |     1|
|3     |clk50   |     1|
|4     |CARRY4  |   120|
|5     |DSP48E1 |     1|
|6     |LUT1    |   145|
|7     |LUT2    |   244|
|8     |LUT3    |    33|
|9     |LUT4    |    50|
|10    |LUT5    |    45|
|11    |LUT6    |   137|
|12    |FDRE    |   288|
|13    |FDSE    |    37|
|14    |LDP     |     4|
|15    |IBUF    |    19|
|16    |OBUF    |    29|
+------+--------+------+

Report Instance Areas: 
+------+---------+-----------+------+
|      |Instance |Module     |Cells |
+------+---------+-----------+------+
|1     |top      |           |  1178|
|2     |  d0     |DIS        |    39|
|3     |    a0   |fpq        |    21|
|4     |    a1   |counter    |    18|
|5     |  d1     |VSD        |   141|
|6     |  d2     |PCU        |   104|
|7     |  d3     |SRA        |    11|
|8     |  db1    |DB         |   195|
|9     |  db2    |DB_0       |   195|
|10    |  db3    |DB_1       |   195|
|11    |  db4    |DB_2       |   195|
|12    |  ps1    |PS         |     5|
|13    |    a0   |trigger_14 |     1|
|14    |    a1   |trigger_15 |     2|
|15    |    a2   |trigger_16 |     2|
|16    |  ps2    |PS_3       |     3|
|17    |    a0   |trigger_11 |     1|
|18    |    a1   |trigger_12 |     1|
|19    |    a2   |trigger_13 |     1|
|20    |  ps3    |PS_4       |     5|
|21    |    a0   |trigger_8  |     1|
|22    |    a1   |trigger_9  |     2|
|23    |    a2   |trigger_10 |     2|
|24    |  ps4    |PS_5       |     3|
|25    |    a0   |trigger    |     1|
|26    |    a1   |trigger_6  |     1|
|27    |    a2   |trigger_7  |     1|
+------+---------+-----------+------+
---------------------------------------------------------------------------------
Finished Writing Synthesis Report : Time (s): cpu = 00:00:32 ; elapsed = 00:00:33 . Memory (MB): peak = 960.109 ; gain = 436.410
---------------------------------------------------------------------------------
Synthesis finished with 0 errors, 0 critical warnings and 6 warnings.
Synthesis Optimization Runtime : Time (s): cpu = 00:00:25 ; elapsed = 00:00:31 . Memory (MB): peak = 960.109 ; gain = 306.215
Synthesis Optimization Complete : Time (s): cpu = 00:00:32 ; elapsed = 00:00:34 . Memory (MB): peak = 960.109 ; gain = 436.410
INFO: [Project 1-571] Translating synthesized netlist
INFO: [Netlist 29-17] Analyzing 125 Unisim elements for replacement
INFO: [Netlist 29-28] Unisim Transformation completed in 0 CPU seconds
INFO: [Project 1-570] Preparing netlist for logic optimization
INFO: [Opt 31-140] Inserted 1 IBUFs to IO ports without IO buffers.
INFO: [Opt 31-138] Pushed 0 inverter(s) to 0 load pin(s).
Netlist sorting complete. Time (s): cpu = 00:00:00 ; elapsed = 00:00:00 . Memory (MB): peak = 960.109 ; gain = 0.000
INFO: [Project 1-111] Unisim Transformation Summary:
  A total of 4 instances were transformed.
  LDP => LDPE: 4 instances

INFO: [Common 17-83] Releasing license: Synthesis
50 Infos, 10 Warnings, 0 Critical Warnings and 0 Errors encountered.
synth_design completed successfully
synth_design: Time (s): cpu = 00:00:38 ; elapsed = 00:00:41 . Memory (MB): peak = 960.109 ; gain = 667.855
Netlist sorting complete. Time (s): cpu = 00:00:00 ; elapsed = 00:00:00.001 . Memory (MB): peak = 960.109 ; gain = 0.000
WARNING: [Constraints 18-5210] No constraints selected for write.
Resolution: This message can indicate that there are no constraints for the design, or it can indicate that the used_in flags are set such that the constraints are ignored. This later case is used when running synth_design to not write synthesis constraints to the resulting checkpoint. Instead, project constraints are read when the synthesized design is opened.
INFO: [Common 17-1381] The checkpoint 'Y:/Programs/vivado_project/labh6_v2/labh6.runs/synth_1/Print.dcp' has been generated.
INFO: [runtcl-4] Executing : report_utilization -file Print_utilization_synth.rpt -pb Print_utilization_synth.pb
INFO: [Common 17-206] Exiting Vivado at Thu Dec  9 18:11:42 2021...
